\BOOKMARK [0][-]{chapter.1}{\376\377\000N\000a\000m\000e\000s\000p\000a\000c\000e\000\040\000I\000n\000d\000e\000x}{}% 1
\BOOKMARK [1][-]{section.1.1}{\376\377\000N\000a\000m\000e\000s\000p\000a\000c\000e\000\040\000L\000i\000s\000t}{chapter.1}% 2
\BOOKMARK [0][-]{chapter.2}{\376\377\000H\000i\000e\000r\000a\000r\000c\000h\000i\000c\000a\000l\000\040\000I\000n\000d\000e\000x}{}% 3
\BOOKMARK [1][-]{section.2.1}{\376\377\000C\000l\000a\000s\000s\000\040\000H\000i\000e\000r\000a\000r\000c\000h\000y}{chapter.2}% 4
\BOOKMARK [0][-]{chapter.3}{\376\377\000C\000l\000a\000s\000s\000\040\000I\000n\000d\000e\000x}{}% 5
\BOOKMARK [1][-]{section.3.1}{\376\377\000C\000l\000a\000s\000s\000\040\000L\000i\000s\000t}{chapter.3}% 6
\BOOKMARK [0][-]{chapter.4}{\376\377\000F\000i\000l\000e\000\040\000I\000n\000d\000e\000x}{}% 7
\BOOKMARK [1][-]{section.4.1}{\376\377\000F\000i\000l\000e\000\040\000L\000i\000s\000t}{chapter.4}% 8
\BOOKMARK [0][-]{chapter.5}{\376\377\000N\000a\000m\000e\000s\000p\000a\000c\000e\000\040\000D\000o\000c\000u\000m\000e\000n\000t\000a\000t\000i\000o\000n}{}% 9
\BOOKMARK [1][-]{section.5.1}{\376\377\000E\000n\000s\000e\000m\000b\000l\000e\000C\000l\000u\000s\000t\000e\000r\000i\000n\000g\000\040\000N\000a\000m\000e\000s\000p\000a\000c\000e\000\040\000R\000e\000f\000e\000r\000e\000n\000c\000e}{chapter.5}% 10
\BOOKMARK [2][-]{subsection.5.1.1}{\376\377\000T\000y\000p\000e\000d\000e\000f\000\040\000D\000o\000c\000u\000m\000e\000n\000t\000a\000t\000i\000o\000n}{section.5.1}% 11
\BOOKMARK [3][-]{subsubsection.5.1.1.1}{\376\377\000c\000l\000u\000s\000t\000e\000r}{subsection.5.1.1}% 12
\BOOKMARK [3][-]{subsubsection.5.1.1.2}{\376\377\000C\000l\000u\000s\000t\000e\000r}{subsection.5.1.1}% 13
\BOOKMARK [3][-]{subsubsection.5.1.1.3}{\376\377\000C\000l\000u\000s\000t\000e\000r\000i\000n\000g}{subsection.5.1.1}% 14
\BOOKMARK [3][-]{subsubsection.5.1.1.4}{\376\377\000E\000d\000g\000e}{subsection.5.1.1}% 15
\BOOKMARK [3][-]{subsubsection.5.1.1.5}{\376\377\000e\000d\000g\000e}{subsection.5.1.1}% 16
\BOOKMARK [3][-]{subsubsection.5.1.1.6}{\376\377\000N\000o\000d\000e}{subsection.5.1.1}% 17
\BOOKMARK [3][-]{subsubsection.5.1.1.7}{\376\377\000n\000o\000d\000e}{subsection.5.1.1}% 18
\BOOKMARK [2][-]{subsection.5.1.2}{\376\377\000F\000u\000n\000c\000t\000i\000o\000n\000\040\000D\000o\000c\000u\000m\000e\000n\000t\000a\000t\000i\000o\000n}{section.5.1}% 19
\BOOKMARK [3][-]{subsubsection.5.1.2.1}{\376\377\000T\000E\000S\000T\000\137\000F}{subsection.5.1.2}% 20
\BOOKMARK [3][-]{subsubsection.5.1.2.2}{\376\377\000T\000E\000S\000T\000\137\000F}{subsection.5.1.2}% 21
\BOOKMARK [3][-]{subsubsection.5.1.2.3}{\376\377\000T\000E\000S\000T\000\137\000F}{subsection.5.1.2}% 22
\BOOKMARK [0][-]{chapter.6}{\376\377\000C\000l\000a\000s\000s\000\040\000D\000o\000c\000u\000m\000e\000n\000t\000a\000t\000i\000o\000n}{}% 23
\BOOKMARK [1][-]{section.6.1}{\376\377\000E\000n\000s\000e\000m\000b\000l\000e\000C\000l\000u\000s\000t\000e\000r\000i\000n\000g\000:\000:\000C\000l\000u\000s\000t\000e\000r\000C\000o\000n\000t\000r\000a\000c\000t\000e\000r\000\040\000C\000l\000a\000s\000s\000\040\000R\000e\000f\000e\000r\000e\000n\000c\000e}{chapter.6}% 24
\BOOKMARK [2][-]{subsection.6.1.1}{\376\377\000D\000e\000t\000a\000i\000l\000e\000d\000\040\000D\000e\000s\000c\000r\000i\000p\000t\000i\000o\000n}{section.6.1}% 25
\BOOKMARK [2][-]{subsection.6.1.2}{\376\377\000C\000o\000n\000s\000t\000r\000u\000c\000t\000o\000r\000\040\000\046\000\040\000D\000e\000s\000t\000r\000u\000c\000t\000o\000r\000\040\000D\000o\000c\000u\000m\000e\000n\000t\000a\000t\000i\000o\000n}{section.6.1}% 26
\BOOKMARK [3][-]{subsubsection.6.1.2.1}{\376\377\000C\000l\000u\000s\000t\000e\000r\000C\000o\000n\000t\000r\000a\000c\000t\000e\000r}{subsection.6.1.2}% 27
\BOOKMARK [3][-]{subsubsection.6.1.2.2}{\376\377\000C\000l\000u\000s\000t\000e\000r\000C\000o\000n\000t\000r\000a\000c\000t\000e\000r}{subsection.6.1.2}% 28
\BOOKMARK [1][-]{section.6.2}{\376\377\000E\000n\000s\000e\000m\000b\000l\000e\000C\000l\000u\000s\000t\000e\000r\000i\000n\000g\000:\000:\000C\000l\000u\000s\000t\000e\000r\000e\000r\000\040\000C\000l\000a\000s\000s\000\040\000R\000e\000f\000e\000r\000e\000n\000c\000e}{chapter.6}% 29
\BOOKMARK [2][-]{subsection.6.2.1}{\376\377\000D\000e\000t\000a\000i\000l\000e\000d\000\040\000D\000e\000s\000c\000r\000i\000p\000t\000i\000o\000n}{section.6.2}% 30
\BOOKMARK [2][-]{subsection.6.2.2}{\376\377\000C\000o\000n\000s\000t\000r\000u\000c\000t\000o\000r\000\040\000\046\000\040\000D\000e\000s\000t\000r\000u\000c\000t\000o\000r\000\040\000D\000o\000c\000u\000m\000e\000n\000t\000a\000t\000i\000o\000n}{section.6.2}% 31
\BOOKMARK [3][-]{subsubsection.6.2.2.1}{\376\377\000C\000l\000u\000s\000t\000e\000r\000e\000r}{subsection.6.2.2}% 32
\BOOKMARK [3][-]{subsubsection.6.2.2.2}{\376\377\000C\000l\000u\000s\000t\000e\000r\000e\000r}{subsection.6.2.2}% 33
\BOOKMARK [2][-]{subsection.6.2.3}{\376\377\000M\000e\000m\000b\000e\000r\000\040\000F\000u\000n\000c\000t\000i\000o\000n\000\040\000D\000o\000c\000u\000m\000e\000n\000t\000a\000t\000i\000o\000n}{section.6.2}% 34
\BOOKMARK [3][-]{subsubsection.6.2.3.1}{\376\377\000r\000u\000n}{subsection.6.2.3}% 35
\BOOKMARK [1][-]{section.6.3}{\376\377\000E\000n\000s\000e\000m\000b\000l\000e\000C\000l\000u\000s\000t\000e\000r\000i\000n\000g\000:\000:\000C\000l\000u\000s\000t\000e\000r\000i\000n\000g\000\040\000C\000l\000a\000s\000s\000\040\000R\000e\000f\000e\000r\000e\000n\000c\000e}{chapter.6}% 36
\BOOKMARK [2][-]{subsection.6.3.1}{\376\377\000D\000e\000t\000a\000i\000l\000e\000d\000\040\000D\000e\000s\000c\000r\000i\000p\000t\000i\000o\000n}{section.6.3}% 37
\BOOKMARK [2][-]{subsection.6.3.2}{\376\377\000C\000o\000n\000s\000t\000r\000u\000c\000t\000o\000r\000\040\000\046\000\040\000D\000e\000s\000t\000r\000u\000c\000t\000o\000r\000\040\000D\000o\000c\000u\000m\000e\000n\000t\000a\000t\000i\000o\000n}{section.6.3}% 38
\BOOKMARK [3][-]{subsubsection.6.3.2.1}{\376\377\000C\000l\000u\000s\000t\000e\000r\000i\000n\000g}{subsection.6.3.2}% 39
\BOOKMARK [3][-]{subsubsection.6.3.2.2}{\376\377\000C\000l\000u\000s\000t\000e\000r\000i\000n\000g}{subsection.6.3.2}% 40
\BOOKMARK [2][-]{subsection.6.3.3}{\376\377\000M\000e\000m\000b\000e\000r\000\040\000F\000u\000n\000c\000t\000i\000o\000n\000\040\000D\000o\000c\000u\000m\000e\000n\000t\000a\000t\000i\000o\000n}{section.6.3}% 41
\BOOKMARK [3][-]{subsubsection.6.3.3.1}{\376\377\000a\000d\000d\000T\000o\000C\000l\000u\000s\000t\000e\000r}{subsection.6.3.3}% 42
\BOOKMARK [3][-]{subsubsection.6.3.3.2}{\376\377\000c\000l\000u\000s\000t\000e\000r\000O\000f}{subsection.6.3.3}% 43
\BOOKMARK [3][-]{subsubsection.6.3.3.3}{\376\377\000f\000i\000r\000s\000t\000C\000l\000u\000s\000t\000e\000r}{subsection.6.3.3}% 44
\BOOKMARK [3][-]{subsubsection.6.3.3.4}{\376\377\000i\000s\000P\000r\000o\000p\000e\000r}{subsection.6.3.3}% 45
\BOOKMARK [3][-]{subsubsection.6.3.3.5}{\376\377\000l\000a\000s\000t\000C\000l\000u\000s\000t\000e\000r}{subsection.6.3.3}% 46
\BOOKMARK [3][-]{subsubsection.6.3.3.6}{\376\377\000m\000e\000r\000g\000e\000C\000l\000u\000s\000t\000e\000r\000s}{subsection.6.3.3}% 47
\BOOKMARK [3][-]{subsubsection.6.3.3.7}{\376\377\000m\000o\000v\000e\000T\000o\000C\000l\000u\000s\000t\000e\000r}{subsection.6.3.3}% 48
\BOOKMARK [3][-]{subsubsection.6.3.3.8}{\376\377\000o\000p\000e\000r\000a\000t\000o\000r\000[\000]}{subsection.6.3.3}% 49
\BOOKMARK [3][-]{subsubsection.6.3.3.9}{\376\377\000o\000p\000e\000r\000a\000t\000o\000r\000[\000]}{subsection.6.3.3}% 50
\BOOKMARK [3][-]{subsubsection.6.3.3.10}{\376\377\000t\000o\000S\000i\000n\000g\000l\000e\000t\000o\000n}{subsection.6.3.3}% 51
\BOOKMARK [2][-]{subsection.6.3.4}{\376\377\000M\000e\000m\000b\000e\000r\000\040\000D\000a\000t\000a\000\040\000D\000o\000c\000u\000m\000e\000n\000t\000a\000t\000i\000o\000n}{section.6.3}% 52
\BOOKMARK [3][-]{subsubsection.6.3.4.1}{\376\377\000n\000e\000x\000t\000C\000l\000u\000s\000t\000e\000r}{subsection.6.3.4}% 53
\BOOKMARK [1][-]{section.6.4}{\376\377\000E\000n\000s\000e\000m\000b\000l\000e\000C\000l\000u\000s\000t\000e\000r\000i\000n\000g\000:\000:\000C\000l\000u\000s\000t\000e\000r\000i\000n\000g\000G\000e\000n\000e\000r\000a\000t\000o\000r\000\040\000C\000l\000a\000s\000s\000\040\000R\000e\000f\000e\000r\000e\000n\000c\000e}{chapter.6}% 54
\BOOKMARK [2][-]{subsection.6.4.1}{\376\377\000D\000e\000t\000a\000i\000l\000e\000d\000\040\000D\000e\000s\000c\000r\000i\000p\000t\000i\000o\000n}{section.6.4}% 55
\BOOKMARK [2][-]{subsection.6.4.2}{\376\377\000C\000o\000n\000s\000t\000r\000u\000c\000t\000o\000r\000\040\000\046\000\040\000D\000e\000s\000t\000r\000u\000c\000t\000o\000r\000\040\000D\000o\000c\000u\000m\000e\000n\000t\000a\000t\000i\000o\000n}{section.6.4}% 56
\BOOKMARK [3][-]{subsubsection.6.4.2.1}{\376\377\000C\000l\000u\000s\000t\000e\000r\000i\000n\000g\000G\000e\000n\000e\000r\000a\000t\000o\000r}{subsection.6.4.2}% 57
\BOOKMARK [3][-]{subsubsection.6.4.2.2}{\376\377\000C\000l\000u\000s\000t\000e\000r\000i\000n\000g\000G\000e\000n\000e\000r\000a\000t\000o\000r}{subsection.6.4.2}% 58
\BOOKMARK [2][-]{subsection.6.4.3}{\376\377\000M\000e\000m\000b\000e\000r\000\040\000F\000u\000n\000c\000t\000i\000o\000n\000\040\000D\000o\000c\000u\000m\000e\000n\000t\000a\000t\000i\000o\000n}{section.6.4}% 59
\BOOKMARK [3][-]{subsubsection.6.4.3.1}{\376\377\000m\000a\000k\000e\000O\000n\000e\000C\000l\000u\000s\000t\000e\000r\000i\000n\000g}{subsection.6.4.3}% 60
\BOOKMARK [3][-]{subsubsection.6.4.3.2}{\376\377\000m\000a\000k\000e\000S\000i\000n\000g\000l\000e\000t\000o\000n\000C\000l\000u\000s\000t\000e\000r\000i\000n\000g}{subsection.6.4.3}% 61
\BOOKMARK [1][-]{section.6.5}{\376\377\000E\000n\000s\000e\000m\000b\000l\000e\000C\000l\000u\000s\000t\000e\000r\000i\000n\000g\000:\000:\000C\000l\000u\000s\000t\000e\000r\000i\000n\000g\000T\000e\000s\000t\000\040\000C\000l\000a\000s\000s\000\040\000R\000e\000f\000e\000r\000e\000n\000c\000e}{chapter.6}% 62
\BOOKMARK [2][-]{subsection.6.5.1}{\376\377\000D\000e\000t\000a\000i\000l\000e\000d\000\040\000D\000e\000s\000c\000r\000i\000p\000t\000i\000o\000n}{section.6.5}% 63
\BOOKMARK [1][-]{section.6.6}{\376\377\000E\000n\000s\000e\000m\000b\000l\000e\000C\000l\000u\000s\000t\000e\000r\000i\000n\000g\000:\000:\000C\000o\000n\000t\000r\000a\000c\000t\000e\000r\000\040\000C\000l\000a\000s\000s\000\040\000R\000e\000f\000e\000r\000e\000n\000c\000e}{chapter.6}% 64
\BOOKMARK [2][-]{subsection.6.6.1}{\376\377\000D\000e\000t\000a\000i\000l\000e\000d\000\040\000D\000e\000s\000c\000r\000i\000p\000t\000i\000o\000n}{section.6.6}% 65
\BOOKMARK [2][-]{subsection.6.6.2}{\376\377\000C\000o\000n\000s\000t\000r\000u\000c\000t\000o\000r\000\040\000\046\000\040\000D\000e\000s\000t\000r\000u\000c\000t\000o\000r\000\040\000D\000o\000c\000u\000m\000e\000n\000t\000a\000t\000i\000o\000n}{section.6.6}% 66
\BOOKMARK [3][-]{subsubsection.6.6.2.1}{\376\377\000C\000o\000n\000t\000r\000a\000c\000t\000e\000r}{subsection.6.6.2}% 67
\BOOKMARK [3][-]{subsubsection.6.6.2.2}{\376\377\000C\000o\000n\000t\000r\000a\000c\000t\000e\000r}{subsection.6.6.2}% 68
\BOOKMARK [2][-]{subsection.6.6.3}{\376\377\000M\000e\000m\000b\000e\000r\000\040\000F\000u\000n\000c\000t\000i\000o\000n\000\040\000D\000o\000c\000u\000m\000e\000n\000t\000a\000t\000i\000o\000n}{section.6.6}% 69
\BOOKMARK [3][-]{subsubsection.6.6.3.1}{\376\377\000c\000o\000n\000t\000r\000a\000c\000t}{subsection.6.6.3}% 70
\BOOKMARK [1][-]{section.6.7}{\376\377\000E\000n\000s\000e\000m\000b\000l\000e\000C\000l\000u\000s\000t\000e\000r\000i\000n\000g\000:\000:\000E\000d\000g\000e\000S\000c\000o\000r\000i\000n\000g\000\040\000C\000l\000a\000s\000s\000\040\000R\000e\000f\000e\000r\000e\000n\000c\000e}{chapter.6}% 71
\BOOKMARK [2][-]{subsection.6.7.1}{\376\377\000D\000e\000t\000a\000i\000l\000e\000d\000\040\000D\000e\000s\000c\000r\000i\000p\000t\000i\000o\000n}{section.6.7}% 72
\BOOKMARK [2][-]{subsection.6.7.2}{\376\377\000C\000o\000n\000s\000t\000r\000u\000c\000t\000o\000r\000\040\000\046\000\040\000D\000e\000s\000t\000r\000u\000c\000t\000o\000r\000\040\000D\000o\000c\000u\000m\000e\000n\000t\000a\000t\000i\000o\000n}{section.6.7}% 73
\BOOKMARK [3][-]{subsubsection.6.7.2.1}{\376\377\000E\000d\000g\000e\000S\000c\000o\000r\000i\000n\000g}{subsection.6.7.2}% 74
\BOOKMARK [3][-]{subsubsection.6.7.2.2}{\376\377\000E\000d\000g\000e\000S\000c\000o\000r\000i\000n\000g}{subsection.6.7.2}% 75
\BOOKMARK [2][-]{subsection.6.7.3}{\376\377\000M\000e\000m\000b\000e\000r\000\040\000F\000u\000n\000c\000t\000i\000o\000n\000\040\000D\000o\000c\000u\000m\000e\000n\000t\000a\000t\000i\000o\000n}{section.6.7}% 76
\BOOKMARK [3][-]{subsubsection.6.7.3.1}{\376\377\000s\000c\000o\000r\000e\000E\000d\000g\000e}{subsection.6.7.3}% 77
\BOOKMARK [1][-]{section.6.8}{\376\377\000E\000n\000s\000e\000m\000b\000l\000e\000C\000l\000u\000s\000t\000e\000r\000i\000n\000g\000:\000:\000E\000n\000s\000e\000m\000b\000l\000e\000C\000l\000u\000s\000t\000e\000r\000e\000r\000\040\000C\000l\000a\000s\000s\000\040\000R\000e\000f\000e\000r\000e\000n\000c\000e}{chapter.6}% 78
\BOOKMARK [2][-]{subsection.6.8.1}{\376\377\000D\000e\000t\000a\000i\000l\000e\000d\000\040\000D\000e\000s\000c\000r\000i\000p\000t\000i\000o\000n}{section.6.8}% 79
\BOOKMARK [2][-]{subsection.6.8.2}{\376\377\000C\000o\000n\000s\000t\000r\000u\000c\000t\000o\000r\000\040\000\046\000\040\000D\000e\000s\000t\000r\000u\000c\000t\000o\000r\000\040\000D\000o\000c\000u\000m\000e\000n\000t\000a\000t\000i\000o\000n}{section.6.8}% 80
\BOOKMARK [3][-]{subsubsection.6.8.2.1}{\376\377\000E\000n\000s\000e\000m\000b\000l\000e\000C\000l\000u\000s\000t\000e\000r\000e\000r}{subsection.6.8.2}% 81
\BOOKMARK [3][-]{subsubsection.6.8.2.2}{\376\377\000E\000n\000s\000e\000m\000b\000l\000e\000C\000l\000u\000s\000t\000e\000r\000e\000r}{subsection.6.8.2}% 82
\BOOKMARK [1][-]{section.6.9}{\376\377\000E\000n\000s\000e\000m\000b\000l\000e\000C\000l\000u\000s\000t\000e\000r\000i\000n\000g\000:\000:\000G\000r\000a\000p\000h\000\040\000C\000l\000a\000s\000s\000\040\000R\000e\000f\000e\000r\000e\000n\000c\000e}{chapter.6}% 83
\BOOKMARK [2][-]{subsection.6.9.1}{\376\377\000D\000e\000t\000a\000i\000l\000e\000d\000\040\000D\000e\000s\000c\000r\000i\000p\000t\000i\000o\000n}{section.6.9}% 84
\BOOKMARK [2][-]{subsection.6.9.2}{\376\377\000C\000o\000n\000s\000t\000r\000u\000c\000t\000o\000r\000\040\000\046\000\040\000D\000e\000s\000t\000r\000u\000c\000t\000o\000r\000\040\000D\000o\000c\000u\000m\000e\000n\000t\000a\000t\000i\000o\000n}{section.6.9}% 85
\BOOKMARK [3][-]{subsubsection.6.9.2.1}{\376\377\000G\000r\000a\000p\000h}{subsection.6.9.2}% 86
\BOOKMARK [3][-]{subsubsection.6.9.2.2}{\376\377\000G\000r\000a\000p\000h}{subsection.6.9.2}% 87
\BOOKMARK [3][-]{subsubsection.6.9.2.3}{\376\377\000G\000r\000a\000p\000h}{subsection.6.9.2}% 88
\BOOKMARK [2][-]{subsection.6.9.3}{\376\377\000M\000e\000m\000b\000e\000r\000\040\000F\000u\000n\000c\000t\000i\000o\000n\000\040\000D\000o\000c\000u\000m\000e\000n\000t\000a\000t\000i\000o\000n}{section.6.9}% 89
\BOOKMARK [3][-]{subsubsection.6.9.3.1}{\376\377\000a\000s\000S\000T\000I\000N\000G\000E\000R}{subsection.6.9.3}% 90
\BOOKMARK [3][-]{subsubsection.6.9.3.2}{\376\377\000d\000e\000g\000r\000e\000e}{subsection.6.9.3}% 91
\BOOKMARK [3][-]{subsubsection.6.9.3.3}{\376\377\000f\000i\000r\000s\000t\000N\000o\000d\000e}{subsection.6.9.3}% 92
\BOOKMARK [3][-]{subsubsection.6.9.3.4}{\376\377\000f\000o\000r\000a\000l\000l\000E\000d\000g\000e\000s}{subsection.6.9.3}% 93
\BOOKMARK [3][-]{subsubsection.6.9.3.5}{\376\377\000h\000a\000s\000E\000d\000g\000e}{subsection.6.9.3}% 94
\BOOKMARK [3][-]{subsubsection.6.9.3.6}{\376\377\000i\000n\000s\000e\000r\000t\000E\000d\000g\000e}{subsection.6.9.3}% 95
\BOOKMARK [3][-]{subsubsection.6.9.3.7}{\376\377\000l\000a\000s\000t\000N\000o\000d\000e}{subsection.6.9.3}% 96
\BOOKMARK [3][-]{subsubsection.6.9.3.8}{\376\377\000n\000u\000m\000b\000e\000r\000O\000f\000E\000d\000g\000e\000s}{subsection.6.9.3}% 97
\BOOKMARK [3][-]{subsubsection.6.9.3.9}{\376\377\000n\000u\000m\000b\000e\000r\000O\000f\000N\000o\000d\000e\000s}{subsection.6.9.3}% 98
\BOOKMARK [3][-]{subsubsection.6.9.3.10}{\376\377\000t\000o\000t\000a\000l\000E\000d\000g\000e\000W\000e\000i\000g\000h\000t}{subsection.6.9.3}% 99
\BOOKMARK [3][-]{subsubsection.6.9.3.11}{\376\377\000w\000e\000i\000g\000h\000t}{subsection.6.9.3}% 100
\BOOKMARK [3][-]{subsubsection.6.9.3.12}{\376\377\000w\000e\000i\000g\000h\000t}{subsection.6.9.3}% 101
\BOOKMARK [3][-]{subsubsection.6.9.3.13}{\376\377\000w\000e\000i\000g\000h\000t}{subsection.6.9.3}% 102
\BOOKMARK [2][-]{subsection.6.9.4}{\376\377\000M\000e\000m\000b\000e\000r\000\040\000D\000a\000t\000a\000\040\000D\000o\000c\000u\000m\000e\000n\000t\000a\000t\000i\000o\000n}{section.6.9}% 103
\BOOKMARK [3][-]{subsubsection.6.9.4.1}{\376\377\000d\000e\000f\000a\000u\000l\000t\000E\000d\000g\000e\000T\000y\000p\000e}{subsection.6.9.4}% 104
\BOOKMARK [3][-]{subsubsection.6.9.4.2}{\376\377\000d\000e\000f\000a\000u\000l\000t\000E\000d\000g\000e\000W\000e\000i\000g\000h\000t}{subsection.6.9.4}% 105
\BOOKMARK [3][-]{subsubsection.6.9.4.3}{\376\377\000d\000e\000f\000a\000u\000l\000t\000T\000i\000m\000e\000S\000t\000a\000m\000p}{subsection.6.9.4}% 106
\BOOKMARK [3][-]{subsubsection.6.9.4.4}{\376\377\000s\000t\000i\000n\000g\000e\000r\000G}{subsection.6.9.4}% 107
\BOOKMARK [1][-]{section.6.10}{\376\377\000E\000n\000s\000e\000m\000b\000l\000e\000C\000l\000u\000s\000t\000e\000r\000i\000n\000g\000:\000:\000G\000r\000a\000p\000h\000G\000e\000n\000e\000r\000a\000t\000o\000r\000\040\000C\000l\000a\000s\000s\000\040\000R\000e\000f\000e\000r\000e\000n\000c\000e}{chapter.6}% 108
\BOOKMARK [2][-]{subsection.6.10.1}{\376\377\000D\000e\000t\000a\000i\000l\000e\000d\000\040\000D\000e\000s\000c\000r\000i\000p\000t\000i\000o\000n}{section.6.10}% 109
\BOOKMARK [2][-]{subsection.6.10.2}{\376\377\000C\000o\000n\000s\000t\000r\000u\000c\000t\000o\000r\000\040\000\046\000\040\000D\000e\000s\000t\000r\000u\000c\000t\000o\000r\000\040\000D\000o\000c\000u\000m\000e\000n\000t\000a\000t\000i\000o\000n}{section.6.10}% 110
\BOOKMARK [3][-]{subsubsection.6.10.2.1}{\376\377\000G\000r\000a\000p\000h\000G\000e\000n\000e\000r\000a\000t\000o\000r}{subsection.6.10.2}% 111
\BOOKMARK [3][-]{subsubsection.6.10.2.2}{\376\377\000G\000r\000a\000p\000h\000G\000e\000n\000e\000r\000a\000t\000o\000r}{subsection.6.10.2}% 112
\BOOKMARK [2][-]{subsection.6.10.3}{\376\377\000M\000e\000m\000b\000e\000r\000\040\000F\000u\000n\000c\000t\000i\000o\000n\000\040\000D\000o\000c\000u\000m\000e\000n\000t\000a\000t\000i\000o\000n}{section.6.10}% 113
\BOOKMARK [3][-]{subsubsection.6.10.3.1}{\376\377\000m\000a\000k\000e\000C\000i\000r\000c\000u\000l\000a\000r\000G\000r\000a\000p\000h}{subsection.6.10.3}% 114
\BOOKMARK [3][-]{subsubsection.6.10.3.2}{\376\377\000m\000a\000k\000e\000C\000o\000m\000p\000l\000e\000t\000e\000G\000r\000a\000p\000h}{subsection.6.10.3}% 115
\BOOKMARK [3][-]{subsubsection.6.10.3.3}{\376\377\000m\000a\000k\000e\000E\000r\000d\000o\000s\000R\000e\000n\000y\000i\000G\000r\000a\000p\000h}{subsection.6.10.3}% 116
\BOOKMARK [1][-]{section.6.11}{\376\377\000E\000n\000s\000e\000m\000b\000l\000e\000C\000l\000u\000s\000t\000e\000r\000i\000n\000g\000:\000:\000G\000r\000a\000p\000h\000G\000T\000e\000s\000t\000\040\000C\000l\000a\000s\000s\000\040\000R\000e\000f\000e\000r\000e\000n\000c\000e}{chapter.6}% 117
\BOOKMARK [2][-]{subsection.6.11.1}{\376\377\000D\000e\000t\000a\000i\000l\000e\000d\000\040\000D\000e\000s\000c\000r\000i\000p\000t\000i\000o\000n}{section.6.11}% 118
\BOOKMARK [2][-]{subsection.6.11.2}{\376\377\000M\000e\000m\000b\000e\000r\000\040\000F\000u\000n\000c\000t\000i\000o\000n\000\040\000D\000o\000c\000u\000m\000e\000n\000t\000a\000t\000i\000o\000n}{section.6.11}% 119
\BOOKMARK [3][-]{subsubsection.6.11.2.1}{\376\377\000S\000e\000t\000U\000p}{subsection.6.11.2}% 120
\BOOKMARK [3][-]{subsubsection.6.11.2.2}{\376\377\000T\000e\000a\000r\000D\000o\000w\000n}{subsection.6.11.2}% 121
\BOOKMARK [2][-]{subsection.6.11.3}{\376\377\000M\000e\000m\000b\000e\000r\000\040\000D\000a\000t\000a\000\040\000D\000o\000c\000u\000m\000e\000n\000t\000a\000t\000i\000o\000n}{section.6.11}% 122
\BOOKMARK [3][-]{subsubsection.6.11.3.1}{\376\377\000g\000e\000n}{subsection.6.11.3}% 123
\BOOKMARK [1][-]{section.6.12}{\376\377\000G\000T\000e\000s\000t\000T\000e\000s\000t\000\040\000C\000l\000a\000s\000s\000\040\000R\000e\000f\000e\000r\000e\000n\000c\000e}{chapter.6}% 124
\BOOKMARK [2][-]{subsection.6.12.1}{\376\377\000D\000e\000t\000a\000i\000l\000e\000d\000\040\000D\000e\000s\000c\000r\000i\000p\000t\000i\000o\000n}{section.6.12}% 125
\BOOKMARK [2][-]{subsection.6.12.2}{\376\377\000M\000e\000m\000b\000e\000r\000\040\000F\000u\000n\000c\000t\000i\000o\000n\000\040\000D\000o\000c\000u\000m\000e\000n\000t\000a\000t\000i\000o\000n}{section.6.12}% 126
\BOOKMARK [3][-]{subsubsection.6.12.2.1}{\376\377\000S\000e\000t\000U\000p}{subsection.6.12.2}% 127
\BOOKMARK [1][-]{section.6.13}{\376\377\000E\000n\000s\000e\000m\000b\000l\000e\000C\000l\000u\000s\000t\000e\000r\000i\000n\000g\000:\000:\000I\000n\000d\000e\000x\000M\000a\000p\000<\000\040\000I\000,\000\040\000T\000\040\000>\000\040\000C\000l\000a\000s\000s\000\040\000T\000e\000m\000p\000l\000a\000t\000e\000\040\000R\000e\000f\000e\000r\000e\000n\000c\000e}{chapter.6}% 128
\BOOKMARK [2][-]{subsection.6.13.1}{\376\377\000D\000e\000t\000a\000i\000l\000e\000d\000\040\000D\000e\000s\000c\000r\000i\000p\000t\000i\000o\000n}{section.6.13}% 129
\BOOKMARK [2][-]{subsection.6.13.2}{\376\377\000C\000o\000n\000s\000t\000r\000u\000c\000t\000o\000r\000\040\000\046\000\040\000D\000e\000s\000t\000r\000u\000c\000t\000o\000r\000\040\000D\000o\000c\000u\000m\000e\000n\000t\000a\000t\000i\000o\000n}{section.6.13}% 130
\BOOKMARK [3][-]{subsubsection.6.13.2.1}{\376\377\000I\000n\000d\000e\000x\000M\000a\000p}{subsection.6.13.2}% 131
\BOOKMARK [3][-]{subsubsection.6.13.2.2}{\376\377\000I\000n\000d\000e\000x\000M\000a\000p}{subsection.6.13.2}% 132
\BOOKMARK [3][-]{subsubsection.6.13.2.3}{\376\377\000I\000n\000d\000e\000x\000M\000a\000p}{subsection.6.13.2}% 133
\BOOKMARK [2][-]{subsection.6.13.3}{\376\377\000M\000e\000m\000b\000e\000r\000\040\000F\000u\000n\000c\000t\000i\000o\000n\000\040\000D\000o\000c\000u\000m\000e\000n\000t\000a\000t\000i\000o\000n}{section.6.13}% 134
\BOOKMARK [3][-]{subsubsection.6.13.3.1}{\376\377\000o\000p\000e\000r\000a\000t\000o\000r\000[\000]}{subsection.6.13.3}% 135
\BOOKMARK [3][-]{subsubsection.6.13.3.2}{\376\377\000o\000p\000e\000r\000a\000t\000o\000r\000[\000]}{subsection.6.13.3}% 136
\BOOKMARK [2][-]{subsection.6.13.4}{\376\377\000M\000e\000m\000b\000e\000r\000\040\000D\000a\000t\000a\000\040\000D\000o\000c\000u\000m\000e\000n\000t\000a\000t\000i\000o\000n}{section.6.13}% 137
\BOOKMARK [3][-]{subsubsection.6.13.4.1}{\376\377\000a\000r\000r\000a\000y}{subsection.6.13.4}% 138
\BOOKMARK [3][-]{subsubsection.6.13.4.2}{\376\377\000d\000e\000f\000a\000u\000l\000t\000V\000a\000l\000u\000e}{subsection.6.13.4}% 139
\BOOKMARK [3][-]{subsubsection.6.13.4.3}{\376\377\000n}{subsection.6.13.4}% 140
\BOOKMARK [1][-]{section.6.14}{\376\377\000E\000n\000s\000e\000m\000b\000l\000e\000C\000l\000u\000s\000t\000e\000r\000i\000n\000g\000:\000:\000I\000n\000p\000u\000t\000G\000T\000e\000s\000t\000\040\000C\000l\000a\000s\000s\000\040\000R\000e\000f\000e\000r\000e\000n\000c\000e}{chapter.6}% 141
\BOOKMARK [2][-]{subsection.6.14.1}{\376\377\000D\000e\000t\000a\000i\000l\000e\000d\000\040\000D\000e\000s\000c\000r\000i\000p\000t\000i\000o\000n}{section.6.14}% 142
\BOOKMARK [1][-]{section.6.15}{\376\377\000E\000n\000s\000e\000m\000b\000l\000e\000C\000l\000u\000s\000t\000e\000r\000i\000n\000g\000:\000:\000L\000a\000b\000e\000l\000P\000r\000o\000p\000a\000g\000a\000t\000i\000o\000n\000\040\000C\000l\000a\000s\000s\000\040\000R\000e\000f\000e\000r\000e\000n\000c\000e}{chapter.6}% 143
\BOOKMARK [2][-]{subsection.6.15.1}{\376\377\000D\000e\000t\000a\000i\000l\000e\000d\000\040\000D\000e\000s\000c\000r\000i\000p\000t\000i\000o\000n}{section.6.15}% 144
\BOOKMARK [2][-]{subsection.6.15.2}{\376\377\000C\000o\000n\000s\000t\000r\000u\000c\000t\000o\000r\000\040\000\046\000\040\000D\000e\000s\000t\000r\000u\000c\000t\000o\000r\000\040\000D\000o\000c\000u\000m\000e\000n\000t\000a\000t\000i\000o\000n}{section.6.15}% 145
\BOOKMARK [3][-]{subsubsection.6.15.2.1}{\376\377\000L\000a\000b\000e\000l\000P\000r\000o\000p\000a\000g\000a\000t\000i\000o\000n}{subsection.6.15.2}% 146
\BOOKMARK [3][-]{subsubsection.6.15.2.2}{\376\377\000L\000a\000b\000e\000l\000P\000r\000o\000p\000a\000g\000a\000t\000i\000o\000n}{subsection.6.15.2}% 147
\BOOKMARK [2][-]{subsection.6.15.3}{\376\377\000M\000e\000m\000b\000e\000r\000\040\000F\000u\000n\000c\000t\000i\000o\000n\000\040\000D\000o\000c\000u\000m\000e\000n\000t\000a\000t\000i\000o\000n}{section.6.15}% 148
\BOOKMARK [3][-]{subsubsection.6.15.3.1}{\376\377\000r\000u\000n}{subsection.6.15.3}% 149
\BOOKMARK [1][-]{section.6.16}{\376\377\000E\000n\000s\000e\000m\000b\000l\000e\000C\000l\000u\000s\000t\000e\000r\000i\000n\000g\000:\000:\000M\000a\000t\000c\000h\000e\000r\000\040\000C\000l\000a\000s\000s\000\040\000R\000e\000f\000e\000r\000e\000n\000c\000e}{chapter.6}% 150
\BOOKMARK [2][-]{subsection.6.16.1}{\376\377\000D\000e\000t\000a\000i\000l\000e\000d\000\040\000D\000e\000s\000c\000r\000i\000p\000t\000i\000o\000n}{section.6.16}% 151
\BOOKMARK [2][-]{subsection.6.16.2}{\376\377\000C\000o\000n\000s\000t\000r\000u\000c\000t\000o\000r\000\040\000\046\000\040\000D\000e\000s\000t\000r\000u\000c\000t\000o\000r\000\040\000D\000o\000c\000u\000m\000e\000n\000t\000a\000t\000i\000o\000n}{section.6.16}% 152
\BOOKMARK [3][-]{subsubsection.6.16.2.1}{\376\377\000M\000a\000t\000c\000h\000e\000r}{subsection.6.16.2}% 153
\BOOKMARK [3][-]{subsubsection.6.16.2.2}{\376\377\000M\000a\000t\000c\000h\000e\000r}{subsection.6.16.2}% 154
\BOOKMARK [2][-]{subsection.6.16.3}{\376\377\000M\000e\000m\000b\000e\000r\000\040\000F\000u\000n\000c\000t\000i\000o\000n\000\040\000D\000o\000c\000u\000m\000e\000n\000t\000a\000t\000i\000o\000n}{section.6.16}% 155
\BOOKMARK [3][-]{subsubsection.6.16.3.1}{\376\377\000r\000u\000n}{subsection.6.16.3}% 156
\BOOKMARK [1][-]{section.6.17}{\376\377\000E\000n\000s\000e\000m\000b\000l\000e\000C\000l\000u\000s\000t\000e\000r\000i\000n\000g\000:\000:\000M\000a\000t\000c\000h\000i\000n\000g\000\040\000C\000l\000a\000s\000s\000\040\000R\000e\000f\000e\000r\000e\000n\000c\000e}{chapter.6}% 157
\BOOKMARK [2][-]{subsection.6.17.1}{\376\377\000D\000e\000t\000a\000i\000l\000e\000d\000\040\000D\000e\000s\000c\000r\000i\000p\000t\000i\000o\000n}{section.6.17}% 158
\BOOKMARK [2][-]{subsection.6.17.2}{\376\377\000C\000o\000n\000s\000t\000r\000u\000c\000t\000o\000r\000\040\000\046\000\040\000D\000e\000s\000t\000r\000u\000c\000t\000o\000r\000\040\000D\000o\000c\000u\000m\000e\000n\000t\000a\000t\000i\000o\000n}{section.6.17}% 159
\BOOKMARK [3][-]{subsubsection.6.17.2.1}{\376\377\000M\000a\000t\000c\000h\000i\000n\000g}{subsection.6.17.2}% 160
\BOOKMARK [3][-]{subsubsection.6.17.2.2}{\376\377\000M\000a\000t\000c\000h\000i\000n\000g}{subsection.6.17.2}% 161
\BOOKMARK [2][-]{subsection.6.17.3}{\376\377\000M\000e\000m\000b\000e\000r\000\040\000F\000u\000n\000c\000t\000i\000o\000n\000\040\000D\000o\000c\000u\000m\000e\000n\000t\000a\000t\000i\000o\000n}{section.6.17}% 162
\BOOKMARK [3][-]{subsubsection.6.17.3.1}{\376\377\000a\000r\000e\000M\000a\000t\000c\000h\000e\000d}{subsection.6.17.3}% 163
\BOOKMARK [3][-]{subsubsection.6.17.3.2}{\376\377\000c\000l\000o\000n\000e}{subsection.6.17.3}% 164
\BOOKMARK [3][-]{subsubsection.6.17.3.3}{\376\377\000d\000i\000s\000p\000o\000s\000e}{subsection.6.17.3}% 165
\BOOKMARK [3][-]{subsubsection.6.17.3.4}{\376\377\000i\000s\000M\000a\000t\000c\000h\000e\000d}{subsection.6.17.3}% 166
\BOOKMARK [3][-]{subsubsection.6.17.3.5}{\376\377\000i\000s\000P\000r\000o\000p\000e\000r}{subsection.6.17.3}% 167
\BOOKMARK [3][-]{subsubsection.6.17.3.6}{\376\377\000m\000a\000t\000c\000h}{subsection.6.17.3}% 168
\BOOKMARK [3][-]{subsubsection.6.17.3.7}{\376\377\000o\000p\000e\000r\000a\000t\000o\000r\000=}{subsection.6.17.3}% 169
\BOOKMARK [3][-]{subsubsection.6.17.3.8}{\376\377\000u\000n\000m\000a\000t\000c\000h}{subsection.6.17.3}% 170
\BOOKMARK [1][-]{section.6.18}{\376\377\000E\000n\000s\000e\000m\000b\000l\000e\000C\000l\000u\000s\000t\000e\000r\000i\000n\000g\000:\000:\000M\000a\000t\000c\000h\000i\000n\000g\000C\000o\000n\000t\000r\000a\000c\000t\000e\000r\000\040\000C\000l\000a\000s\000s\000\040\000R\000e\000f\000e\000r\000e\000n\000c\000e}{chapter.6}% 171
\BOOKMARK [2][-]{subsection.6.18.1}{\376\377\000D\000e\000t\000a\000i\000l\000e\000d\000\040\000D\000e\000s\000c\000r\000i\000p\000t\000i\000o\000n}{section.6.18}% 172
\BOOKMARK [2][-]{subsection.6.18.2}{\376\377\000C\000o\000n\000s\000t\000r\000u\000c\000t\000o\000r\000\040\000\046\000\040\000D\000e\000s\000t\000r\000u\000c\000t\000o\000r\000\040\000D\000o\000c\000u\000m\000e\000n\000t\000a\000t\000i\000o\000n}{section.6.18}% 173
\BOOKMARK [3][-]{subsubsection.6.18.2.1}{\376\377\000M\000a\000t\000c\000h\000i\000n\000g\000C\000o\000n\000t\000r\000a\000c\000t\000e\000r}{subsection.6.18.2}% 174
\BOOKMARK [3][-]{subsubsection.6.18.2.2}{\376\377\000M\000a\000t\000c\000h\000i\000n\000g\000C\000o\000n\000t\000r\000a\000c\000t\000e\000r}{subsection.6.18.2}% 175
\BOOKMARK [1][-]{section.6.19}{\376\377\000E\000n\000s\000e\000m\000b\000l\000e\000C\000l\000u\000s\000t\000e\000r\000i\000n\000g\000:\000:\000M\000E\000T\000I\000S\000P\000a\000r\000s\000e\000r\000\040\000C\000l\000a\000s\000s\000\040\000R\000e\000f\000e\000r\000e\000n\000c\000e}{chapter.6}% 176
\BOOKMARK [2][-]{subsection.6.19.1}{\376\377\000D\000e\000t\000a\000i\000l\000e\000d\000\040\000D\000e\000s\000c\000r\000i\000p\000t\000i\000o\000n}{section.6.19}% 177
\BOOKMARK [2][-]{subsection.6.19.2}{\376\377\000C\000o\000n\000s\000t\000r\000u\000c\000t\000o\000r\000\040\000\046\000\040\000D\000e\000s\000t\000r\000u\000c\000t\000o\000r\000\040\000D\000o\000c\000u\000m\000e\000n\000t\000a\000t\000i\000o\000n}{section.6.19}% 178
\BOOKMARK [3][-]{subsubsection.6.19.2.1}{\376\377\000M\000E\000T\000I\000S\000P\000a\000r\000s\000e\000r}{subsection.6.19.2}% 179
\BOOKMARK [3][-]{subsubsection.6.19.2.2}{\376\377\000M\000E\000T\000I\000S\000P\000a\000r\000s\000e\000r}{subsection.6.19.2}% 180
\BOOKMARK [2][-]{subsection.6.19.3}{\376\377\000M\000e\000m\000b\000e\000r\000\040\000F\000u\000n\000c\000t\000i\000o\000n\000\040\000D\000o\000c\000u\000m\000e\000n\000t\000a\000t\000i\000o\000n}{section.6.19}% 181
\BOOKMARK [3][-]{subsubsection.6.19.3.1}{\376\377\000c\000l\000o\000s\000e}{subsection.6.19.3}% 182
\BOOKMARK [3][-]{subsubsection.6.19.3.2}{\376\377\000g\000e\000t\000H\000e\000a\000d\000e\000r}{subsection.6.19.3}% 183
\BOOKMARK [3][-]{subsubsection.6.19.3.3}{\376\377\000g\000e\000t\000N\000e\000x\000t}{subsection.6.19.3}% 184
\BOOKMARK [3][-]{subsubsection.6.19.3.4}{\376\377\000h\000a\000s\000N\000e\000x\000t}{subsection.6.19.3}% 185
\BOOKMARK [3][-]{subsubsection.6.19.3.5}{\376\377\000o\000p\000e\000n}{subsection.6.19.3}% 186
\BOOKMARK [2][-]{subsection.6.19.4}{\376\377\000M\000e\000m\000b\000e\000r\000\040\000D\000a\000t\000a\000\040\000D\000o\000c\000u\000m\000e\000n\000t\000a\000t\000i\000o\000n}{section.6.19}% 187
\BOOKMARK [3][-]{subsubsection.6.19.4.1}{\376\377\000g\000r\000a\000p\000h\000F\000i\000l\000e}{subsection.6.19.4}% 188
\BOOKMARK [3][-]{subsubsection.6.19.4.2}{\376\377\000g\000r\000a\000p\000h\000P\000a\000t\000h}{subsection.6.19.4}% 189
\BOOKMARK [3][-]{subsubsection.6.19.4.3}{\376\377\000l\000i\000n\000e}{subsection.6.19.4}% 190
\BOOKMARK [3][-]{subsubsection.6.19.4.4}{\376\377\000n\000o\000d\000e\000C\000o\000u\000n\000t}{subsection.6.19.4}% 191
\BOOKMARK [1][-]{section.6.20}{\376\377\000E\000n\000s\000e\000m\000b\000l\000e\000C\000l\000u\000s\000t\000e\000r\000i\000n\000g\000:\000:\000M\000E\000T\000I\000S\000t\000o\000S\000T\000I\000N\000G\000E\000R\000\040\000C\000l\000a\000s\000s\000\040\000R\000e\000f\000e\000r\000e\000n\000c\000e}{chapter.6}% 192
\BOOKMARK [2][-]{subsection.6.20.1}{\376\377\000D\000e\000t\000a\000i\000l\000e\000d\000\040\000D\000e\000s\000c\000r\000i\000p\000t\000i\000o\000n}{section.6.20}% 193
\BOOKMARK [2][-]{subsection.6.20.2}{\376\377\000C\000o\000n\000s\000t\000r\000u\000c\000t\000o\000r\000\040\000\046\000\040\000D\000e\000s\000t\000r\000u\000c\000t\000o\000r\000\040\000D\000o\000c\000u\000m\000e\000n\000t\000a\000t\000i\000o\000n}{section.6.20}% 194
\BOOKMARK [3][-]{subsubsection.6.20.2.1}{\376\377\000M\000E\000T\000I\000S\000t\000o\000S\000T\000I\000N\000G\000E\000R}{subsection.6.20.2}% 195
\BOOKMARK [3][-]{subsubsection.6.20.2.2}{\376\377\000M\000E\000T\000I\000S\000t\000o\000S\000T\000I\000N\000G\000E\000R}{subsection.6.20.2}% 196
\BOOKMARK [2][-]{subsection.6.20.3}{\376\377\000M\000e\000m\000b\000e\000r\000\040\000F\000u\000n\000c\000t\000i\000o\000n\000\040\000D\000o\000c\000u\000m\000e\000n\000t\000a\000t\000i\000o\000n}{section.6.20}% 197
\BOOKMARK [3][-]{subsubsection.6.20.3.1}{\376\377\000r\000e\000a\000d}{subsection.6.20.3}% 198
\BOOKMARK [1][-]{section.6.21}{\376\377\000E\000n\000s\000e\000m\000b\000l\000e\000C\000l\000u\000s\000t\000e\000r\000i\000n\000g\000:\000:\000M\000o\000d\000u\000l\000a\000r\000i\000t\000y\000\040\000C\000l\000a\000s\000s\000\040\000R\000e\000f\000e\000r\000e\000n\000c\000e}{chapter.6}% 199
\BOOKMARK [2][-]{subsection.6.21.1}{\376\377\000D\000e\000t\000a\000i\000l\000e\000d\000\040\000D\000e\000s\000c\000r\000i\000p\000t\000i\000o\000n}{section.6.21}% 200
\BOOKMARK [2][-]{subsection.6.21.2}{\376\377\000C\000o\000n\000s\000t\000r\000u\000c\000t\000o\000r\000\040\000\046\000\040\000D\000e\000s\000t\000r\000u\000c\000t\000o\000r\000\040\000D\000o\000c\000u\000m\000e\000n\000t\000a\000t\000i\000o\000n}{section.6.21}% 201
\BOOKMARK [3][-]{subsubsection.6.21.2.1}{\376\377\000M\000o\000d\000u\000l\000a\000r\000i\000t\000y}{subsection.6.21.2}% 202
\BOOKMARK [3][-]{subsubsection.6.21.2.2}{\376\377\000M\000o\000d\000u\000l\000a\000r\000i\000t\000y}{subsection.6.21.2}% 203
\BOOKMARK [2][-]{subsection.6.21.3}{\376\377\000M\000e\000m\000b\000e\000r\000\040\000F\000u\000n\000c\000t\000i\000o\000n\000\040\000D\000o\000c\000u\000m\000e\000n\000t\000a\000t\000i\000o\000n}{section.6.21}% 204
\BOOKMARK [3][-]{subsubsection.6.21.3.1}{\376\377\000g\000e\000t\000Q\000u\000a\000l\000i\000t\000y}{subsection.6.21.3}% 205
\BOOKMARK [3][-]{subsubsection.6.21.3.2}{\376\377\000p\000r\000e\000c\000o\000m\000p\000u\000t\000e}{subsection.6.21.3}% 206
\BOOKMARK [2][-]{subsection.6.21.4}{\376\377\000M\000e\000m\000b\000e\000r\000\040\000D\000a\000t\000a\000\040\000D\000o\000c\000u\000m\000e\000n\000t\000a\000t\000i\000o\000n}{section.6.21}% 207
\BOOKMARK [3][-]{subsubsection.6.21.4.1}{\376\377\000i\000n\000c\000i\000d\000e\000n\000t\000W\000e\000i\000g\000h\000t}{subsection.6.21.4}% 208
\BOOKMARK [1][-]{section.6.22}{\376\377\000E\000n\000s\000e\000m\000b\000l\000e\000C\000l\000u\000s\000t\000e\000r\000i\000n\000g\000:\000:\000M\000o\000d\000u\000l\000a\000r\000i\000t\000y\000S\000c\000o\000r\000i\000n\000g\000\040\000C\000l\000a\000s\000s\000\040\000R\000e\000f\000e\000r\000e\000n\000c\000e}{chapter.6}% 209
\BOOKMARK [2][-]{subsection.6.22.1}{\376\377\000D\000e\000t\000a\000i\000l\000e\000d\000\040\000D\000e\000s\000c\000r\000i\000p\000t\000i\000o\000n}{section.6.22}% 210
\BOOKMARK [2][-]{subsection.6.22.2}{\376\377\000C\000o\000n\000s\000t\000r\000u\000c\000t\000o\000r\000\040\000\046\000\040\000D\000e\000s\000t\000r\000u\000c\000t\000o\000r\000\040\000D\000o\000c\000u\000m\000e\000n\000t\000a\000t\000i\000o\000n}{section.6.22}% 211
\BOOKMARK [3][-]{subsubsection.6.22.2.1}{\376\377\000M\000o\000d\000u\000l\000a\000r\000i\000t\000y\000S\000c\000o\000r\000i\000n\000g}{subsection.6.22.2}% 212
\BOOKMARK [3][-]{subsubsection.6.22.2.2}{\376\377\000M\000o\000d\000u\000l\000a\000r\000i\000t\000y\000S\000c\000o\000r\000i\000n\000g}{subsection.6.22.2}% 213
\BOOKMARK [2][-]{subsection.6.22.3}{\376\377\000M\000e\000m\000b\000e\000r\000\040\000F\000u\000n\000c\000t\000i\000o\000n\000\040\000D\000o\000c\000u\000m\000e\000n\000t\000a\000t\000i\000o\000n}{section.6.22}% 214
\BOOKMARK [3][-]{subsubsection.6.22.3.1}{\376\377\000c\000u\000t\000w\000e\000i\000g\000h\000t}{subsection.6.22.3}% 215
\BOOKMARK [3][-]{subsubsection.6.22.3.2}{\376\377\000d\000e\000l\000t\000a\000M\000o\000d}{subsection.6.22.3}% 216
\BOOKMARK [3][-]{subsubsection.6.22.3.3}{\376\377\000m\000o\000d}{subsection.6.22.3}% 217
\BOOKMARK [3][-]{subsubsection.6.22.3.4}{\376\377\000s\000c\000o\000r\000e\000E\000d\000g\000e}{subsection.6.22.3}% 218
\BOOKMARK [3][-]{subsubsection.6.22.3.5}{\376\377\000w\000e\000i\000g\000h\000t}{subsection.6.22.3}% 219
\BOOKMARK [1][-]{section.6.23}{\376\377\000E\000n\000s\000e\000m\000b\000l\000e\000C\000l\000u\000s\000t\000e\000r\000i\000n\000g\000:\000:\000N\000o\000d\000e\000M\000a\000p\000<\000\040\000T\000\040\000>\000\040\000C\000l\000a\000s\000s\000\040\000T\000e\000m\000p\000l\000a\000t\000e\000\040\000R\000e\000f\000e\000r\000e\000n\000c\000e}{chapter.6}% 220
\BOOKMARK [2][-]{subsection.6.23.1}{\376\377\000D\000e\000t\000a\000i\000l\000e\000d\000\040\000D\000e\000s\000c\000r\000i\000p\000t\000i\000o\000n}{section.6.23}% 221
\BOOKMARK [2][-]{subsection.6.23.2}{\376\377\000C\000o\000n\000s\000t\000r\000u\000c\000t\000o\000r\000\040\000\046\000\040\000D\000e\000s\000t\000r\000u\000c\000t\000o\000r\000\040\000D\000o\000c\000u\000m\000e\000n\000t\000a\000t\000i\000o\000n}{section.6.23}% 222
\BOOKMARK [3][-]{subsubsection.6.23.2.1}{\376\377\000N\000o\000d\000e\000M\000a\000p}{subsection.6.23.2}% 223
\BOOKMARK [3][-]{subsubsection.6.23.2.2}{\376\377\000N\000o\000d\000e\000M\000a\000p}{subsection.6.23.2}% 224
\BOOKMARK [3][-]{subsubsection.6.23.2.3}{\376\377\000N\000o\000d\000e\000M\000a\000p}{subsection.6.23.2}% 225
\BOOKMARK [2][-]{subsection.6.23.3}{\376\377\000M\000e\000m\000b\000e\000r\000\040\000F\000u\000n\000c\000t\000i\000o\000n\000\040\000D\000o\000c\000u\000m\000e\000n\000t\000a\000t\000i\000o\000n}{section.6.23}% 226
\BOOKMARK [3][-]{subsubsection.6.23.3.1}{\376\377\000o\000p\000e\000r\000a\000t\000o\000r\000[\000]}{subsection.6.23.3}% 227
\BOOKMARK [3][-]{subsubsection.6.23.3.2}{\376\377\000o\000p\000e\000r\000a\000t\000o\000r\000[\000]}{subsection.6.23.3}% 228
\BOOKMARK [2][-]{subsection.6.23.4}{\376\377\000M\000e\000m\000b\000e\000r\000\040\000D\000a\000t\000a\000\040\000D\000o\000c\000u\000m\000e\000n\000t\000a\000t\000i\000o\000n}{section.6.23}% 229
\BOOKMARK [3][-]{subsubsection.6.23.4.1}{\376\377\000a\000r\000r\000a\000y}{subsection.6.23.4}% 230
\BOOKMARK [3][-]{subsubsection.6.23.4.2}{\376\377\000d\000e\000f\000a\000u\000l\000t\000V\000a\000l\000u\000e}{subsection.6.23.4}% 231
\BOOKMARK [3][-]{subsubsection.6.23.4.3}{\376\377\000n}{subsection.6.23.4}% 232
\BOOKMARK [1][-]{section.6.24}{\376\377\000N\000o\000i\000s\000e\000\040\000C\000l\000a\000s\000s\000\040\000R\000e\000f\000e\000r\000e\000n\000c\000e}{chapter.6}% 233
\BOOKMARK [2][-]{subsection.6.24.1}{\376\377\000D\000e\000t\000a\000i\000l\000e\000d\000\040\000D\000e\000s\000c\000r\000i\000p\000t\000i\000o\000n}{section.6.24}% 234
\BOOKMARK [2][-]{subsection.6.24.2}{\376\377\000C\000o\000n\000s\000t\000r\000u\000c\000t\000o\000r\000\040\000\046\000\040\000D\000e\000s\000t\000r\000u\000c\000t\000o\000r\000\040\000D\000o\000c\000u\000m\000e\000n\000t\000a\000t\000i\000o\000n}{section.6.24}% 235
\BOOKMARK [3][-]{subsubsection.6.24.2.1}{\376\377\000N\000o\000i\000s\000e}{subsection.6.24.2}% 236
\BOOKMARK [3][-]{subsubsection.6.24.2.2}{\376\377\000N\000o\000i\000s\000e}{subsection.6.24.2}% 237
\BOOKMARK [2][-]{subsection.6.24.3}{\376\377\000M\000e\000m\000b\000e\000r\000\040\000F\000u\000n\000c\000t\000i\000o\000n\000\040\000D\000o\000c\000u\000m\000e\000n\000t\000a\000t\000i\000o\000n}{section.6.24}% 238
\BOOKMARK [3][-]{subsubsection.6.24.3.1}{\376\377\000a\000d\000d}{subsection.6.24.3}% 239
\BOOKMARK [2][-]{subsection.6.24.4}{\376\377\000M\000e\000m\000b\000e\000r\000\040\000D\000a\000t\000a\000\040\000D\000o\000c\000u\000m\000e\000n\000t\000a\000t\000i\000o\000n}{section.6.24}% 240
\BOOKMARK [3][-]{subsubsection.6.24.4.1}{\376\377\000l\000o\000w\000e\000r\000B\000o\000u\000n\000d}{subsection.6.24.4}% 241
\BOOKMARK [3][-]{subsubsection.6.24.4.2}{\376\377\000r\000a\000n\000d\000o\000m\000E\000n\000g\000i\000n\000e}{subsection.6.24.4}% 242
\BOOKMARK [3][-]{subsubsection.6.24.4.3}{\376\377\000u\000n\000i\000f\000o\000r\000m}{subsection.6.24.4}% 243
\BOOKMARK [3][-]{subsubsection.6.24.4.4}{\376\377\000u\000p\000p\000e\000r\000B\000o\000u\000n\000d}{subsection.6.24.4}% 244
\BOOKMARK [1][-]{section.6.25}{\376\377\000E\000n\000s\000e\000m\000b\000l\000e\000C\000l\000u\000s\000t\000e\000r\000i\000n\000g\000:\000:\000O\000v\000e\000r\000l\000a\000p\000p\000e\000r\000\040\000C\000l\000a\000s\000s\000\040\000R\000e\000f\000e\000r\000e\000n\000c\000e}{chapter.6}% 245
\BOOKMARK [2][-]{subsection.6.25.1}{\376\377\000D\000e\000t\000a\000i\000l\000e\000d\000\040\000D\000e\000s\000c\000r\000i\000p\000t\000i\000o\000n}{section.6.25}% 246
\BOOKMARK [2][-]{subsection.6.25.2}{\376\377\000C\000o\000n\000s\000t\000r\000u\000c\000t\000o\000r\000\040\000\046\000\040\000D\000e\000s\000t\000r\000u\000c\000t\000o\000r\000\040\000D\000o\000c\000u\000m\000e\000n\000t\000a\000t\000i\000o\000n}{section.6.25}% 247
\BOOKMARK [3][-]{subsubsection.6.25.2.1}{\376\377\000O\000v\000e\000r\000l\000a\000p\000p\000e\000r}{subsection.6.25.2}% 248
\BOOKMARK [3][-]{subsubsection.6.25.2.2}{\376\377\000O\000v\000e\000r\000l\000a\000p\000p\000e\000r}{subsection.6.25.2}% 249
\BOOKMARK [1][-]{section.6.26}{\376\377\000E\000n\000s\000e\000m\000b\000l\000e\000C\000l\000u\000s\000t\000e\000r\000i\000n\000g\000:\000:\000P\000a\000r\000a\000l\000l\000e\000l\000M\000a\000t\000c\000h\000e\000r\000\040\000C\000l\000a\000s\000s\000\040\000R\000e\000f\000e\000r\000e\000n\000c\000e}{chapter.6}% 250
\BOOKMARK [2][-]{subsection.6.26.1}{\376\377\000D\000e\000t\000a\000i\000l\000e\000d\000\040\000D\000e\000s\000c\000r\000i\000p\000t\000i\000o\000n}{section.6.26}% 251
\BOOKMARK [2][-]{subsection.6.26.2}{\376\377\000C\000o\000n\000s\000t\000r\000u\000c\000t\000o\000r\000\040\000\046\000\040\000D\000e\000s\000t\000r\000u\000c\000t\000o\000r\000\040\000D\000o\000c\000u\000m\000e\000n\000t\000a\000t\000i\000o\000n}{section.6.26}% 252
\BOOKMARK [3][-]{subsubsection.6.26.2.1}{\376\377\000P\000a\000r\000a\000l\000l\000e\000l\000M\000a\000t\000c\000h\000e\000r}{subsection.6.26.2}% 253
\BOOKMARK [3][-]{subsubsection.6.26.2.2}{\376\377\000P\000a\000r\000a\000l\000l\000e\000l\000M\000a\000t\000c\000h\000e\000r}{subsection.6.26.2}% 254
\BOOKMARK [2][-]{subsection.6.26.3}{\376\377\000M\000e\000m\000b\000e\000r\000\040\000F\000u\000n\000c\000t\000i\000o\000n\000\040\000D\000o\000c\000u\000m\000e\000n\000t\000a\000t\000i\000o\000n}{section.6.26}% 255
\BOOKMARK [3][-]{subsubsection.6.26.3.1}{\376\377\000r\000u\000n}{subsection.6.26.3}% 256
\BOOKMARK [1][-]{section.6.27}{\376\377\000E\000n\000s\000e\000m\000b\000l\000e\000C\000l\000u\000s\000t\000e\000r\000i\000n\000g\000:\000:\000Q\000u\000a\000l\000i\000t\000y\000M\000e\000a\000s\000u\000r\000e\000\040\000C\000l\000a\000s\000s\000\040\000R\000e\000f\000e\000r\000e\000n\000c\000e}{chapter.6}% 257
\BOOKMARK [2][-]{subsection.6.27.1}{\376\377\000D\000e\000t\000a\000i\000l\000e\000d\000\040\000D\000e\000s\000c\000r\000i\000p\000t\000i\000o\000n}{section.6.27}% 258
\BOOKMARK [2][-]{subsection.6.27.2}{\376\377\000C\000o\000n\000s\000t\000r\000u\000c\000t\000o\000r\000\040\000\046\000\040\000D\000e\000s\000t\000r\000u\000c\000t\000o\000r\000\040\000D\000o\000c\000u\000m\000e\000n\000t\000a\000t\000i\000o\000n}{section.6.27}% 259
\BOOKMARK [3][-]{subsubsection.6.27.2.1}{\376\377\000Q\000u\000a\000l\000i\000t\000y\000M\000e\000a\000s\000u\000r\000e}{subsection.6.27.2}% 260
\BOOKMARK [3][-]{subsubsection.6.27.2.2}{\376\377\000Q\000u\000a\000l\000i\000t\000y\000M\000e\000a\000s\000u\000r\000e}{subsection.6.27.2}% 261
\BOOKMARK [2][-]{subsection.6.27.3}{\376\377\000M\000e\000m\000b\000e\000r\000\040\000F\000u\000n\000c\000t\000i\000o\000n\000\040\000D\000o\000c\000u\000m\000e\000n\000t\000a\000t\000i\000o\000n}{section.6.27}% 262
\BOOKMARK [3][-]{subsubsection.6.27.3.1}{\376\377\000g\000e\000t\000Q\000u\000a\000l\000i\000t\000y}{subsection.6.27.3}% 263
\BOOKMARK [2][-]{subsection.6.27.4}{\376\377\000M\000e\000m\000b\000e\000r\000\040\000D\000a\000t\000a\000\040\000D\000o\000c\000u\000m\000e\000n\000t\000a\000t\000i\000o\000n}{section.6.27}% 264
\BOOKMARK [3][-]{subsubsection.6.27.4.1}{\376\377\000G}{subsection.6.27.4}% 265
\BOOKMARK [1][-]{section.6.28}{\376\377\000R\000a\000n\000d\000o\000m\000P\000r\000o\000b\000a\000b\000i\000l\000i\000t\000y\000\040\000C\000l\000a\000s\000s\000\040\000R\000e\000f\000e\000r\000e\000n\000c\000e}{chapter.6}% 266
\BOOKMARK [2][-]{subsection.6.28.1}{\376\377\000D\000e\000t\000a\000i\000l\000e\000d\000\040\000D\000e\000s\000c\000r\000i\000p\000t\000i\000o\000n}{section.6.28}% 267
\BOOKMARK [2][-]{subsection.6.28.2}{\376\377\000C\000o\000n\000s\000t\000r\000u\000c\000t\000o\000r\000\040\000\046\000\040\000D\000e\000s\000t\000r\000u\000c\000t\000o\000r\000\040\000D\000o\000c\000u\000m\000e\000n\000t\000a\000t\000i\000o\000n}{section.6.28}% 268
\BOOKMARK [3][-]{subsubsection.6.28.2.1}{\376\377\000R\000a\000n\000d\000o\000m\000P\000r\000o\000b\000a\000b\000i\000l\000i\000t\000y}{subsection.6.28.2}% 269
\BOOKMARK [3][-]{subsubsection.6.28.2.2}{\376\377\000R\000a\000n\000d\000o\000m\000P\000r\000o\000b\000a\000b\000i\000l\000i\000t\000y}{subsection.6.28.2}% 270
\BOOKMARK [2][-]{subsection.6.28.3}{\376\377\000M\000e\000m\000b\000e\000r\000\040\000F\000u\000n\000c\000t\000i\000o\000n\000\040\000D\000o\000c\000u\000m\000e\000n\000t\000a\000t\000i\000o\000n}{section.6.28}% 271
\BOOKMARK [3][-]{subsubsection.6.28.3.1}{\376\377\000g\000e\000n\000e\000r\000a\000t\000e}{subsection.6.28.3}% 272
\BOOKMARK [2][-]{subsection.6.28.4}{\376\377\000M\000e\000m\000b\000e\000r\000\040\000D\000a\000t\000a\000\040\000D\000o\000c\000u\000m\000e\000n\000t\000a\000t\000i\000o\000n}{section.6.28}% 273
\BOOKMARK [3][-]{subsubsection.6.28.4.1}{\376\377\000r\000a\000n\000d\000o\000m\000E\000n\000g\000i\000n\000e}{subsection.6.28.4}% 274
\BOOKMARK [3][-]{subsubsection.6.28.4.2}{\376\377\000u\000n\000i\000f\000o\000r\000m}{subsection.6.28.4}% 275
\BOOKMARK [1][-]{section.6.29}{\376\377\000E\000n\000s\000e\000m\000b\000l\000e\000C\000l\000u\000s\000t\000e\000r\000i\000n\000g\000:\000:\000R\000e\000g\000i\000o\000n\000G\000r\000o\000w\000i\000n\000g\000O\000v\000e\000r\000l\000a\000p\000p\000e\000r\000\040\000C\000l\000a\000s\000s\000\040\000R\000e\000f\000e\000r\000e\000n\000c\000e}{chapter.6}% 276
\BOOKMARK [2][-]{subsection.6.29.1}{\376\377\000D\000e\000t\000a\000i\000l\000e\000d\000\040\000D\000e\000s\000c\000r\000i\000p\000t\000i\000o\000n}{section.6.29}% 277
\BOOKMARK [2][-]{subsection.6.29.2}{\376\377\000C\000o\000n\000s\000t\000r\000u\000c\000t\000o\000r\000\040\000\046\000\040\000D\000e\000s\000t\000r\000u\000c\000t\000o\000r\000\040\000D\000o\000c\000u\000m\000e\000n\000t\000a\000t\000i\000o\000n}{section.6.29}% 278
\BOOKMARK [3][-]{subsubsection.6.29.2.1}{\376\377\000R\000e\000g\000i\000o\000n\000G\000r\000o\000w\000i\000n\000g\000O\000v\000e\000r\000l\000a\000p\000p\000e\000r}{subsection.6.29.2}% 279
\BOOKMARK [3][-]{subsubsection.6.29.2.2}{\376\377\000R\000e\000g\000i\000o\000n\000G\000r\000o\000w\000i\000n\000g\000O\000v\000e\000r\000l\000a\000p\000p\000e\000r}{subsection.6.29.2}% 280
\BOOKMARK [1][-]{section.6.30}{\376\377\000E\000n\000s\000e\000m\000b\000l\000e\000C\000l\000u\000s\000t\000e\000r\000i\000n\000g\000:\000:\000S\000c\000o\000r\000e\000M\000a\000t\000c\000h\000C\000o\000n\000t\000r\000a\000c\000t\000\040\000C\000l\000a\000s\000s\000\040\000R\000e\000f\000e\000r\000e\000n\000c\000e}{chapter.6}% 281
\BOOKMARK [2][-]{subsection.6.30.1}{\376\377\000D\000e\000t\000a\000i\000l\000e\000d\000\040\000D\000e\000s\000c\000r\000i\000p\000t\000i\000o\000n}{section.6.30}% 282
\BOOKMARK [2][-]{subsection.6.30.2}{\376\377\000C\000o\000n\000s\000t\000r\000u\000c\000t\000o\000r\000\040\000\046\000\040\000D\000e\000s\000t\000r\000u\000c\000t\000o\000r\000\040\000D\000o\000c\000u\000m\000e\000n\000t\000a\000t\000i\000o\000n}{section.6.30}% 283
\BOOKMARK [3][-]{subsubsection.6.30.2.1}{\376\377\000S\000c\000o\000r\000e\000M\000a\000t\000c\000h\000C\000o\000n\000t\000r\000a\000c\000t}{subsection.6.30.2}% 284
\BOOKMARK [3][-]{subsubsection.6.30.2.2}{\376\377\000S\000c\000o\000r\000e\000M\000a\000t\000c\000h\000C\000o\000n\000t\000r\000a\000c\000t}{subsection.6.30.2}% 285
\BOOKMARK [1][-]{section.6.31}{\376\377\000E\000n\000s\000e\000m\000b\000l\000e\000C\000l\000u\000s\000t\000e\000r\000i\000n\000g\000:\000:\000S\000T\000I\000N\000G\000E\000R\000F\000r\000o\000m\000A\000d\000j\000a\000c\000e\000n\000c\000i\000e\000s\000\040\000C\000l\000a\000s\000s\000\040\000R\000e\000f\000e\000r\000e\000n\000c\000e}{chapter.6}% 286
\BOOKMARK [2][-]{subsection.6.31.1}{\376\377\000D\000e\000t\000a\000i\000l\000e\000d\000\040\000D\000e\000s\000c\000r\000i\000p\000t\000i\000o\000n}{section.6.31}% 287
\BOOKMARK [2][-]{subsection.6.31.2}{\376\377\000C\000o\000n\000s\000t\000r\000u\000c\000t\000o\000r\000\040\000\046\000\040\000D\000e\000s\000t\000r\000u\000c\000t\000o\000r\000\040\000D\000o\000c\000u\000m\000e\000n\000t\000a\000t\000i\000o\000n}{section.6.31}% 288
\BOOKMARK [3][-]{subsubsection.6.31.2.1}{\376\377\000S\000T\000I\000N\000G\000E\000R\000F\000r\000o\000m\000A\000d\000j\000a\000c\000e\000n\000c\000i\000e\000s}{subsection.6.31.2}% 289
\BOOKMARK [3][-]{subsubsection.6.31.2.2}{\376\377\000S\000T\000I\000N\000G\000E\000R\000F\000r\000o\000m\000A\000d\000j\000a\000c\000e\000n\000c\000i\000e\000s}{subsection.6.31.2}% 290
\BOOKMARK [2][-]{subsection.6.31.3}{\376\377\000M\000e\000m\000b\000e\000r\000\040\000F\000u\000n\000c\000t\000i\000o\000n\000\040\000D\000o\000c\000u\000m\000e\000n\000t\000a\000t\000i\000o\000n}{section.6.31}% 291
\BOOKMARK [3][-]{subsubsection.6.31.3.1}{\376\377\000a\000d\000d\000A\000d\000j\000a\000c\000e\000n\000c\000i\000e\000s}{subsection.6.31.3}% 292
\BOOKMARK [3][-]{subsubsection.6.31.3.2}{\376\377\000c\000r\000e\000a\000t\000e\000G\000r\000a\000p\000h}{subsection.6.31.3}% 293
\BOOKMARK [3][-]{subsubsection.6.31.3.3}{\376\377\000g\000e\000t\000G\000r\000a\000p\000h}{subsection.6.31.3}% 294
\BOOKMARK [3][-]{subsubsection.6.31.3.4}{\376\377\000g\000e\000t\000S\000T\000I\000N\000G\000E\000R}{subsection.6.31.3}% 295
\BOOKMARK [2][-]{subsection.6.31.4}{\376\377\000M\000e\000m\000b\000e\000r\000\040\000D\000a\000t\000a\000\040\000D\000o\000c\000u\000m\000e\000n\000t\000a\000t\000i\000o\000n}{section.6.31}% 296
\BOOKMARK [3][-]{subsubsection.6.31.4.1}{\376\377\000c\000u\000r\000r\000e\000n\000t\000N\000o\000d\000e}{subsection.6.31.4}% 297
\BOOKMARK [3][-]{subsubsection.6.31.4.2}{\376\377\000G}{subsection.6.31.4}% 298
\BOOKMARK [1][-]{section.6.32}{\376\377\000T\000i\000m\000e\000r\000\040\000C\000l\000a\000s\000s\000\040\000R\000e\000f\000e\000r\000e\000n\000c\000e}{chapter.6}% 299
\BOOKMARK [2][-]{subsection.6.32.1}{\376\377\000D\000e\000t\000a\000i\000l\000e\000d\000\040\000D\000e\000s\000c\000r\000i\000p\000t\000i\000o\000n}{section.6.32}% 300
\BOOKMARK [2][-]{subsection.6.32.2}{\376\377\000C\000o\000n\000s\000t\000r\000u\000c\000t\000o\000r\000\040\000\046\000\040\000D\000e\000s\000t\000r\000u\000c\000t\000o\000r\000\040\000D\000o\000c\000u\000m\000e\000n\000t\000a\000t\000i\000o\000n}{section.6.32}% 301
\BOOKMARK [3][-]{subsubsection.6.32.2.1}{\376\377\000T\000i\000m\000e\000r}{subsection.6.32.2}% 302
\BOOKMARK [3][-]{subsubsection.6.32.2.2}{\376\377\000T\000i\000m\000e\000r}{subsection.6.32.2}% 303
\BOOKMARK [0][-]{chapter.7}{\376\377\000F\000i\000l\000e\000\040\000D\000o\000c\000u\000m\000e\000n\000t\000a\000t\000i\000o\000n}{}% 304
\BOOKMARK [1][-]{section.7.1}{\376\377\000s\000r\000c\000/\000a\000u\000x\000/\000I\000n\000d\000e\000x\000M\000a\000p\000.\000h\000\040\000F\000i\000l\000e\000\040\000R\000e\000f\000e\000r\000e\000n\000c\000e}{chapter.7}% 305
\BOOKMARK [1][-]{section.7.2}{\376\377\000s\000r\000c\000/\000a\000u\000x\000/\000l\000o\000g\000.\000h\000\040\000F\000i\000l\000e\000\040\000R\000e\000f\000e\000r\000e\000n\000c\000e}{chapter.7}% 306
\BOOKMARK [2][-]{subsection.7.2.1}{\376\377\000M\000a\000c\000r\000o\000\040\000D\000e\000f\000i\000n\000i\000t\000i\000o\000n\000\040\000D\000o\000c\000u\000m\000e\000n\000t\000a\000t\000i\000o\000n}{section.7.2}% 307
\BOOKMARK [3][-]{subsubsection.7.2.1.1}{\376\377\000D\000E\000B\000U\000G}{subsection.7.2.1}% 308
\BOOKMARK [3][-]{subsubsection.7.2.1.2}{\376\377\000E\000R\000R\000O\000R}{subsection.7.2.1}% 309
\BOOKMARK [3][-]{subsubsection.7.2.1.3}{\376\377\000F\000A\000T\000A\000L}{subsection.7.2.1}% 310
\BOOKMARK [3][-]{subsubsection.7.2.1.4}{\376\377\000I\000N\000F\000O}{subsection.7.2.1}% 311
\BOOKMARK [3][-]{subsubsection.7.2.1.5}{\376\377\000L\000O\000C\000A\000T\000I\000O\000N}{subsection.7.2.1}% 312
\BOOKMARK [3][-]{subsubsection.7.2.1.6}{\376\377\000L\000O\000G\000G\000E\000R}{subsection.7.2.1}% 313
\BOOKMARK [3][-]{subsubsection.7.2.1.7}{\376\377\000T\000R\000A\000C\000E}{subsection.7.2.1}% 314
\BOOKMARK [3][-]{subsubsection.7.2.1.8}{\376\377\000W\000A\000R\000N}{subsection.7.2.1}% 315
\BOOKMARK [1][-]{section.7.3}{\376\377\000s\000r\000c\000/\000a\000u\000x\000/\000N\000o\000i\000s\000e\000.\000c\000p\000p\000\040\000F\000i\000l\000e\000\040\000R\000e\000f\000e\000r\000e\000n\000c\000e}{chapter.7}% 316
\BOOKMARK [1][-]{section.7.4}{\376\377\000s\000r\000c\000/\000a\000u\000x\000/\000N\000o\000i\000s\000e\000.\000h\000\040\000F\000i\000l\000e\000\040\000R\000e\000f\000e\000r\000e\000n\000c\000e}{chapter.7}% 317
\BOOKMARK [1][-]{section.7.5}{\376\377\000s\000r\000c\000/\000a\000u\000x\000/\000R\000a\000n\000d\000o\000m\000P\000r\000o\000b\000a\000b\000i\000l\000i\000t\000y\000.\000c\000p\000p\000\040\000F\000i\000l\000e\000\040\000R\000e\000f\000e\000r\000e\000n\000c\000e}{chapter.7}% 318
\BOOKMARK [1][-]{section.7.6}{\376\377\000s\000r\000c\000/\000a\000u\000x\000/\000R\000a\000n\000d\000o\000m\000P\000r\000o\000b\000a\000b\000i\000l\000i\000t\000y\000.\000h\000\040\000F\000i\000l\000e\000\040\000R\000e\000f\000e\000r\000e\000n\000c\000e}{chapter.7}% 319
\BOOKMARK [1][-]{section.7.7}{\376\377\000s\000r\000c\000/\000a\000u\000x\000/\000T\000i\000m\000e\000r\000.\000c\000p\000p\000\040\000F\000i\000l\000e\000\040\000R\000e\000f\000e\000r\000e\000n\000c\000e}{chapter.7}% 320
\BOOKMARK [1][-]{section.7.8}{\376\377\000s\000r\000c\000/\000a\000u\000x\000/\000T\000i\000m\000e\000r\000.\000h\000\040\000F\000i\000l\000e\000\040\000R\000e\000f\000e\000r\000e\000n\000c\000e}{chapter.7}% 321
\BOOKMARK [1][-]{section.7.9}{\376\377\000s\000r\000c\000/\000c\000l\000u\000s\000t\000e\000r\000i\000n\000g\000/\000C\000l\000u\000s\000t\000e\000r\000e\000r\000.\000c\000p\000p\000\040\000F\000i\000l\000e\000\040\000R\000e\000f\000e\000r\000e\000n\000c\000e}{chapter.7}% 322
\BOOKMARK [1][-]{section.7.10}{\376\377\000s\000r\000c\000/\000c\000l\000u\000s\000t\000e\000r\000i\000n\000g\000/\000C\000l\000u\000s\000t\000e\000r\000e\000r\000.\000h\000\040\000F\000i\000l\000e\000\040\000R\000e\000f\000e\000r\000e\000n\000c\000e}{chapter.7}% 323
\BOOKMARK [1][-]{section.7.11}{\376\377\000s\000r\000c\000/\000c\000l\000u\000s\000t\000e\000r\000i\000n\000g\000/\000C\000l\000u\000s\000t\000e\000r\000i\000n\000g\000.\000c\000p\000p\000\040\000F\000i\000l\000e\000\040\000R\000e\000f\000e\000r\000e\000n\000c\000e}{chapter.7}% 324
\BOOKMARK [1][-]{section.7.12}{\376\377\000s\000r\000c\000/\000c\000l\000u\000s\000t\000e\000r\000i\000n\000g\000/\000C\000l\000u\000s\000t\000e\000r\000i\000n\000g\000.\000h\000\040\000F\000i\000l\000e\000\040\000R\000e\000f\000e\000r\000e\000n\000c\000e}{chapter.7}% 325
\BOOKMARK [1][-]{section.7.13}{\376\377\000s\000r\000c\000/\000c\000l\000u\000s\000t\000e\000r\000i\000n\000g\000/\000C\000l\000u\000s\000t\000e\000r\000i\000n\000g\000G\000e\000n\000e\000r\000a\000t\000o\000r\000.\000c\000p\000p\000\040\000F\000i\000l\000e\000\040\000R\000e\000f\000e\000r\000e\000n\000c\000e}{chapter.7}% 326
\BOOKMARK [1][-]{section.7.14}{\376\377\000s\000r\000c\000/\000c\000l\000u\000s\000t\000e\000r\000i\000n\000g\000/\000C\000l\000u\000s\000t\000e\000r\000i\000n\000g\000G\000e\000n\000e\000r\000a\000t\000o\000r\000.\000h\000\040\000F\000i\000l\000e\000\040\000R\000e\000f\000e\000r\000e\000n\000c\000e}{chapter.7}% 327
\BOOKMARK [1][-]{section.7.15}{\376\377\000s\000r\000c\000/\000c\000l\000u\000s\000t\000e\000r\000i\000n\000g\000/\000L\000a\000b\000e\000l\000P\000r\000o\000p\000a\000g\000a\000t\000i\000o\000n\000.\000c\000p\000p\000\040\000F\000i\000l\000e\000\040\000R\000e\000f\000e\000r\000e\000n\000c\000e}{chapter.7}% 328
\BOOKMARK [1][-]{section.7.16}{\376\377\000s\000r\000c\000/\000c\000l\000u\000s\000t\000e\000r\000i\000n\000g\000/\000L\000a\000b\000e\000l\000P\000r\000o\000p\000a\000g\000a\000t\000i\000o\000n\000.\000h\000\040\000F\000i\000l\000e\000\040\000R\000e\000f\000e\000r\000e\000n\000c\000e}{chapter.7}% 329
\BOOKMARK [1][-]{section.7.17}{\376\377\000s\000r\000c\000/\000c\000l\000u\000s\000t\000e\000r\000i\000n\000g\000/\000M\000o\000d\000u\000l\000a\000r\000i\000t\000y\000.\000c\000p\000p\000\040\000F\000i\000l\000e\000\040\000R\000e\000f\000e\000r\000e\000n\000c\000e}{chapter.7}% 330
\BOOKMARK [1][-]{section.7.18}{\376\377\000s\000r\000c\000/\000c\000l\000u\000s\000t\000e\000r\000i\000n\000g\000/\000M\000o\000d\000u\000l\000a\000r\000i\000t\000y\000.\000h\000\040\000F\000i\000l\000e\000\040\000R\000e\000f\000e\000r\000e\000n\000c\000e}{chapter.7}% 331
\BOOKMARK [1][-]{section.7.19}{\376\377\000s\000r\000c\000/\000c\000l\000u\000s\000t\000e\000r\000i\000n\000g\000/\000Q\000u\000a\000l\000i\000t\000y\000M\000e\000a\000s\000u\000r\000e\000.\000c\000p\000p\000\040\000F\000i\000l\000e\000\040\000R\000e\000f\000e\000r\000e\000n\000c\000e}{chapter.7}% 332
\BOOKMARK [1][-]{section.7.20}{\376\377\000s\000r\000c\000/\000c\000l\000u\000s\000t\000e\000r\000i\000n\000g\000/\000Q\000u\000a\000l\000i\000t\000y\000M\000e\000a\000s\000u\000r\000e\000.\000h\000\040\000F\000i\000l\000e\000\040\000R\000e\000f\000e\000r\000e\000n\000c\000e}{chapter.7}% 333
\BOOKMARK [1][-]{section.7.21}{\376\377\000s\000r\000c\000/\000c\000l\000u\000s\000t\000e\000r\000i\000n\000g\000/\000S\000c\000o\000r\000e\000M\000a\000t\000c\000h\000C\000o\000n\000t\000r\000a\000c\000t\000.\000c\000p\000p\000\040\000F\000i\000l\000e\000\040\000R\000e\000f\000e\000r\000e\000n\000c\000e}{chapter.7}% 334
\BOOKMARK [1][-]{section.7.22}{\376\377\000s\000r\000c\000/\000c\000l\000u\000s\000t\000e\000r\000i\000n\000g\000/\000S\000c\000o\000r\000e\000M\000a\000t\000c\000h\000C\000o\000n\000t\000r\000a\000c\000t\000.\000h\000\040\000F\000i\000l\000e\000\040\000R\000e\000f\000e\000r\000e\000n\000c\000e}{chapter.7}% 335
\BOOKMARK [1][-]{section.7.23}{\376\377\000s\000r\000c\000/\000c\000l\000u\000s\000t\000e\000r\000i\000n\000g\000/\000t\000e\000s\000t\000/\000C\000l\000u\000s\000t\000e\000r\000i\000n\000g\000T\000e\000s\000t\000.\000c\000p\000p\000\040\000F\000i\000l\000e\000\040\000R\000e\000f\000e\000r\000e\000n\000c\000e}{chapter.7}% 336
\BOOKMARK [1][-]{section.7.24}{\376\377\000s\000r\000c\000/\000c\000l\000u\000s\000t\000e\000r\000i\000n\000g\000/\000t\000e\000s\000t\000/\000C\000l\000u\000s\000t\000e\000r\000i\000n\000g\000T\000e\000s\000t\000.\000h\000\040\000F\000i\000l\000e\000\040\000R\000e\000f\000e\000r\000e\000n\000c\000e}{chapter.7}% 337
\BOOKMARK [1][-]{section.7.25}{\376\377\000s\000r\000c\000/\000c\000o\000a\000r\000s\000e\000n\000i\000n\000g\000/\000C\000l\000u\000s\000t\000e\000r\000C\000o\000n\000t\000r\000a\000c\000t\000e\000r\000.\000c\000p\000p\000\040\000F\000i\000l\000e\000\040\000R\000e\000f\000e\000r\000e\000n\000c\000e}{chapter.7}% 338
\BOOKMARK [1][-]{section.7.26}{\376\377\000s\000r\000c\000/\000c\000o\000a\000r\000s\000e\000n\000i\000n\000g\000/\000C\000l\000u\000s\000t\000e\000r\000C\000o\000n\000t\000r\000a\000c\000t\000e\000r\000.\000h\000\040\000F\000i\000l\000e\000\040\000R\000e\000f\000e\000r\000e\000n\000c\000e}{chapter.7}% 339
\BOOKMARK [1][-]{section.7.27}{\376\377\000s\000r\000c\000/\000c\000o\000a\000r\000s\000e\000n\000i\000n\000g\000/\000C\000o\000n\000t\000r\000a\000c\000t\000e\000r\000.\000c\000p\000p\000\040\000F\000i\000l\000e\000\040\000R\000e\000f\000e\000r\000e\000n\000c\000e}{chapter.7}% 340
\BOOKMARK [1][-]{section.7.28}{\376\377\000s\000r\000c\000/\000c\000o\000a\000r\000s\000e\000n\000i\000n\000g\000/\000C\000o\000n\000t\000r\000a\000c\000t\000e\000r\000.\000h\000\040\000F\000i\000l\000e\000\040\000R\000e\000f\000e\000r\000e\000n\000c\000e}{chapter.7}% 341
\BOOKMARK [1][-]{section.7.29}{\376\377\000s\000r\000c\000/\000c\000o\000a\000r\000s\000e\000n\000i\000n\000g\000/\000M\000a\000t\000c\000h\000i\000n\000g\000C\000o\000n\000t\000r\000a\000c\000t\000e\000r\000.\000c\000p\000p\000\040\000F\000i\000l\000e\000\040\000R\000e\000f\000e\000r\000e\000n\000c\000e}{chapter.7}% 342
\BOOKMARK [1][-]{section.7.30}{\376\377\000s\000r\000c\000/\000c\000o\000a\000r\000s\000e\000n\000i\000n\000g\000/\000M\000a\000t\000c\000h\000i\000n\000g\000C\000o\000n\000t\000r\000a\000c\000t\000e\000r\000.\000h\000\040\000F\000i\000l\000e\000\040\000R\000e\000f\000e\000r\000e\000n\000c\000e}{chapter.7}% 343
\BOOKMARK [1][-]{section.7.31}{\376\377\000s\000r\000c\000/\000e\000n\000s\000e\000m\000b\000l\000e\000/\000E\000n\000s\000e\000m\000b\000l\000e\000C\000l\000u\000s\000t\000e\000r\000e\000r\000.\000c\000p\000p\000\040\000F\000i\000l\000e\000\040\000R\000e\000f\000e\000r\000e\000n\000c\000e}{chapter.7}% 344
\BOOKMARK [1][-]{section.7.32}{\376\377\000s\000r\000c\000/\000e\000n\000s\000e\000m\000b\000l\000e\000/\000E\000n\000s\000e\000m\000b\000l\000e\000C\000l\000u\000s\000t\000e\000r\000e\000r\000.\000h\000\040\000F\000i\000l\000e\000\040\000R\000e\000f\000e\000r\000e\000n\000c\000e}{chapter.7}% 345
\BOOKMARK [1][-]{section.7.33}{\376\377\000s\000r\000c\000/\000E\000n\000s\000e\000m\000b\000l\000e\000C\000l\000u\000s\000t\000e\000r\000i\000n\000g\000.\000c\000p\000p\000\040\000F\000i\000l\000e\000\040\000R\000e\000f\000e\000r\000e\000n\000c\000e}{chapter.7}% 346
\BOOKMARK [2][-]{subsection.7.33.1}{\376\377\000F\000u\000n\000c\000t\000i\000o\000n\000\040\000D\000o\000c\000u\000m\000e\000n\000t\000a\000t\000i\000o\000n}{section.7.33}% 347
\BOOKMARK [3][-]{subsubsection.7.33.1.1}{\376\377\000c\000o\000n\000f\000i\000g\000u\000r\000e\000L\000o\000g\000g\000i\000n\000g}{subsection.7.33.1}% 348
\BOOKMARK [3][-]{subsubsection.7.33.1.2}{\376\377\000m\000a\000i\000n}{subsection.7.33.1}% 349
\BOOKMARK [3][-]{subsubsection.7.33.1.3}{\376\377\000m\000a\000k\000e\000C\000o\000m\000p\000l\000e\000t\000e\000G\000r\000a\000p\000h}{subsection.7.33.1}% 350
\BOOKMARK [3][-]{subsubsection.7.33.1.4}{\376\377\000t\000e\000s\000t\000M\000a\000t\000c\000h\000i\000n\000g}{subsection.7.33.1}% 351
\BOOKMARK [3][-]{subsubsection.7.33.1.5}{\376\377\000t\000e\000s\000t\000M\000E\000T\000I\000S\000t\000o\000S\000T\000I\000N\000G\000E\000R}{subsection.7.33.1}% 352
\BOOKMARK [1][-]{section.7.34}{\376\377\000s\000r\000c\000/\000g\000r\000a\000p\000h\000/\000G\000r\000a\000p\000h\000.\000c\000p\000p\000\040\000F\000i\000l\000e\000\040\000R\000e\000f\000e\000r\000e\000n\000c\000e}{chapter.7}% 353
\BOOKMARK [1][-]{section.7.35}{\376\377\000s\000r\000c\000/\000g\000r\000a\000p\000h\000/\000G\000r\000a\000p\000h\000.\000h\000\040\000F\000i\000l\000e\000\040\000R\000e\000f\000e\000r\000e\000n\000c\000e}{chapter.7}% 354
\BOOKMARK [2][-]{subsection.7.35.1}{\376\377\000M\000a\000c\000r\000o\000\040\000D\000e\000f\000i\000n\000i\000t\000i\000o\000n\000\040\000D\000o\000c\000u\000m\000e\000n\000t\000a\000t\000i\000o\000n}{section.7.35}% 355
\BOOKMARK [3][-]{subsubsection.7.35.1.1}{\376\377\000E\000D\000G\000E\000\137\000D\000E\000S\000T}{subsection.7.35.1}% 356
\BOOKMARK [3][-]{subsubsection.7.35.1.2}{\376\377\000E\000D\000G\000E\000\137\000S\000O\000U\000R\000C\000E}{subsection.7.35.1}% 357
\BOOKMARK [3][-]{subsubsection.7.35.1.3}{\376\377\000F\000O\000R\000A\000L\000L\000\137\000E\000D\000G\000E\000S\000\137\000B\000E\000G\000I\000N}{subsection.7.35.1}% 358
\BOOKMARK [3][-]{subsubsection.7.35.1.4}{\376\377\000F\000O\000R\000A\000L\000L\000\137\000E\000D\000G\000E\000S\000\137\000E\000N\000D}{subsection.7.35.1}% 359
\BOOKMARK [3][-]{subsubsection.7.35.1.5}{\376\377\000F\000O\000R\000A\000L\000L\000\137\000E\000D\000G\000E\000S\000\137\000O\000F\000\137\000N\000O\000D\000E\000\137\000B\000E\000G\000I\000N}{subsection.7.35.1}% 360
\BOOKMARK [3][-]{subsubsection.7.35.1.6}{\376\377\000F\000O\000R\000A\000L\000L\000\137\000E\000D\000G\000E\000S\000\137\000O\000F\000\137\000N\000O\000D\000E\000\137\000E\000N\000D}{subsection.7.35.1}% 361
\BOOKMARK [3][-]{subsubsection.7.35.1.7}{\376\377\000P\000A\000R\000A\000L\000L\000E\000L\000\137\000F\000O\000R\000A\000L\000L\000\137\000E\000D\000G\000E\000S\000\137\000B\000E\000G\000I\000N}{subsection.7.35.1}% 362
\BOOKMARK [3][-]{subsubsection.7.35.1.8}{\376\377\000P\000A\000R\000A\000L\000L\000E\000L\000\137\000F\000O\000R\000A\000L\000L\000\137\000E\000D\000G\000E\000S\000\137\000E\000N\000D}{subsection.7.35.1}% 363
\BOOKMARK [3][-]{subsubsection.7.35.1.9}{\376\377\000R\000E\000A\000D\000\137\000O\000N\000L\000Y\000\137\000F\000O\000R\000A\000L\000L\000\137\000E\000D\000G\000E\000S\000\137\000B\000E\000G\000I\000N}{subsection.7.35.1}% 364
\BOOKMARK [3][-]{subsubsection.7.35.1.10}{\376\377\000R\000E\000A\000D\000\137\000O\000N\000L\000Y\000\137\000F\000O\000R\000A\000L\000L\000\137\000E\000D\000G\000E\000S\000\137\000E\000N\000D}{subsection.7.35.1}% 365
\BOOKMARK [3][-]{subsubsection.7.35.1.11}{\376\377\000R\000E\000A\000D\000\137\000O\000N\000L\000Y\000\137\000F\000O\000R\000A\000L\000L\000\137\000E\000D\000G\000E\000S\000\137\000O\000F\000\137\000N\000O\000D\000E\000\137\000B\000E\000G\000I\000N}{subsection.7.35.1}% 366
\BOOKMARK [3][-]{subsubsection.7.35.1.12}{\376\377\000R\000E\000A\000D\000\137\000O\000N\000L\000Y\000\137\000F\000O\000R\000A\000L\000L\000\137\000E\000D\000G\000E\000S\000\137\000O\000F\000\137\000N\000O\000D\000E\000\137\000E\000N\000D}{subsection.7.35.1}% 367
\BOOKMARK [3][-]{subsubsection.7.35.1.13}{\376\377\000R\000E\000A\000D\000\137\000O\000N\000L\000Y\000\137\000P\000A\000R\000A\000L\000L\000E\000L\000\137\000F\000O\000R\000A\000L\000L\000\137\000E\000D\000G\000E\000S\000\137\000B\000E\000G\000I\000N}{subsection.7.35.1}% 368
\BOOKMARK [3][-]{subsubsection.7.35.1.14}{\376\377\000R\000E\000A\000D\000\137\000O\000N\000L\000Y\000\137\000P\000A\000R\000A\000L\000L\000E\000L\000\137\000F\000O\000R\000A\000L\000L\000\137\000E\000D\000G\000E\000S\000\137\000E\000N\000D}{subsection.7.35.1}% 369
\BOOKMARK [1][-]{section.7.36}{\376\377\000s\000r\000c\000/\000g\000r\000a\000p\000h\000/\000G\000r\000a\000p\000h\000G\000e\000n\000e\000r\000a\000t\000o\000r\000.\000c\000p\000p\000\040\000F\000i\000l\000e\000\040\000R\000e\000f\000e\000r\000e\000n\000c\000e}{chapter.7}% 370
\BOOKMARK [1][-]{section.7.37}{\376\377\000s\000r\000c\000/\000g\000r\000a\000p\000h\000/\000G\000r\000a\000p\000h\000G\000e\000n\000e\000r\000a\000t\000o\000r\000.\000h\000\040\000F\000i\000l\000e\000\040\000R\000e\000f\000e\000r\000e\000n\000c\000e}{chapter.7}% 371
\BOOKMARK [1][-]{section.7.38}{\376\377\000s\000r\000c\000/\000g\000r\000a\000p\000h\000/\000N\000o\000d\000e\000M\000a\000p\000.\000h\000\040\000F\000i\000l\000e\000\040\000R\000e\000f\000e\000r\000e\000n\000c\000e}{chapter.7}% 372
\BOOKMARK [1][-]{section.7.39}{\376\377\000s\000r\000c\000/\000g\000r\000a\000p\000h\000/\000t\000e\000s\000t\000/\000G\000r\000a\000p\000h\000G\000T\000e\000s\000t\000.\000c\000p\000p\000\040\000F\000i\000l\000e\000\040\000R\000e\000f\000e\000r\000e\000n\000c\000e}{chapter.7}% 373
\BOOKMARK [1][-]{section.7.40}{\376\377\000s\000r\000c\000/\000g\000r\000a\000p\000h\000/\000t\000e\000s\000t\000/\000G\000r\000a\000p\000h\000G\000T\000e\000s\000t\000.\000h\000\040\000F\000i\000l\000e\000\040\000R\000e\000f\000e\000r\000e\000n\000c\000e}{chapter.7}% 374
\BOOKMARK [1][-]{section.7.41}{\376\377\000s\000r\000c\000/\000i\000n\000p\000u\000t\000/\000M\000E\000T\000I\000S\000P\000a\000r\000s\000e\000r\000.\000c\000p\000p\000\040\000F\000i\000l\000e\000\040\000R\000e\000f\000e\000r\000e\000n\000c\000e}{chapter.7}% 375
\BOOKMARK [1][-]{section.7.42}{\376\377\000s\000r\000c\000/\000i\000n\000p\000u\000t\000/\000M\000E\000T\000I\000S\000P\000a\000r\000s\000e\000r\000.\000h\000\040\000F\000i\000l\000e\000\040\000R\000e\000f\000e\000r\000e\000n\000c\000e}{chapter.7}% 376
\BOOKMARK [1][-]{section.7.43}{\376\377\000s\000r\000c\000/\000i\000n\000p\000u\000t\000/\000M\000E\000T\000I\000S\000t\000o\000S\000T\000I\000N\000G\000E\000R\000.\000c\000p\000p\000\040\000F\000i\000l\000e\000\040\000R\000e\000f\000e\000r\000e\000n\000c\000e}{chapter.7}% 377
\BOOKMARK [1][-]{section.7.44}{\376\377\000s\000r\000c\000/\000i\000n\000p\000u\000t\000/\000M\000E\000T\000I\000S\000t\000o\000S\000T\000I\000N\000G\000E\000R\000.\000h\000\040\000F\000i\000l\000e\000\040\000R\000e\000f\000e\000r\000e\000n\000c\000e}{chapter.7}% 378
\BOOKMARK [1][-]{section.7.45}{\376\377\000s\000r\000c\000/\000i\000n\000p\000u\000t\000/\000S\000T\000I\000N\000G\000E\000R\000F\000r\000o\000m\000A\000d\000j\000a\000c\000e\000n\000c\000i\000e\000s\000.\000c\000p\000p\000\040\000F\000i\000l\000e\000\040\000R\000e\000f\000e\000r\000e\000n\000c\000e}{chapter.7}% 379
\BOOKMARK [1][-]{section.7.46}{\376\377\000s\000r\000c\000/\000i\000n\000p\000u\000t\000/\000S\000T\000I\000N\000G\000E\000R\000F\000r\000o\000m\000A\000d\000j\000a\000c\000e\000n\000c\000i\000e\000s\000.\000h\000\040\000F\000i\000l\000e\000\040\000R\000e\000f\000e\000r\000e\000n\000c\000e}{chapter.7}% 380
\BOOKMARK [1][-]{section.7.47}{\376\377\000s\000r\000c\000/\000i\000n\000p\000u\000t\000/\000t\000e\000s\000t\000/\000I\000n\000p\000u\000t\000G\000T\000e\000s\000t\000.\000c\000p\000p\000\040\000F\000i\000l\000e\000\040\000R\000e\000f\000e\000r\000e\000n\000c\000e}{chapter.7}% 381
\BOOKMARK [1][-]{section.7.48}{\376\377\000s\000r\000c\000/\000i\000n\000p\000u\000t\000/\000t\000e\000s\000t\000/\000I\000n\000p\000u\000t\000G\000T\000e\000s\000t\000.\000h\000\040\000F\000i\000l\000e\000\040\000R\000e\000f\000e\000r\000e\000n\000c\000e}{chapter.7}% 382
\BOOKMARK [1][-]{section.7.49}{\376\377\000s\000r\000c\000/\000m\000a\000t\000c\000h\000i\000n\000g\000/\000M\000a\000t\000c\000h\000e\000r\000.\000c\000p\000p\000\040\000F\000i\000l\000e\000\040\000R\000e\000f\000e\000r\000e\000n\000c\000e}{chapter.7}% 383
\BOOKMARK [1][-]{section.7.50}{\376\377\000s\000r\000c\000/\000m\000a\000t\000c\000h\000i\000n\000g\000/\000M\000a\000t\000c\000h\000e\000r\000.\000h\000\040\000F\000i\000l\000e\000\040\000R\000e\000f\000e\000r\000e\000n\000c\000e}{chapter.7}% 384
\BOOKMARK [1][-]{section.7.51}{\376\377\000s\000r\000c\000/\000m\000a\000t\000c\000h\000i\000n\000g\000/\000M\000a\000t\000c\000h\000i\000n\000g\000.\000c\000p\000p\000\040\000F\000i\000l\000e\000\040\000R\000e\000f\000e\000r\000e\000n\000c\000e}{chapter.7}% 385
\BOOKMARK [1][-]{section.7.52}{\376\377\000s\000r\000c\000/\000m\000a\000t\000c\000h\000i\000n\000g\000/\000M\000a\000t\000c\000h\000i\000n\000g\000.\000h\000\040\000F\000i\000l\000e\000\040\000R\000e\000f\000e\000r\000e\000n\000c\000e}{chapter.7}% 386
\BOOKMARK [1][-]{section.7.53}{\376\377\000s\000r\000c\000/\000m\000a\000t\000c\000h\000i\000n\000g\000/\000P\000a\000r\000a\000l\000l\000e\000l\000M\000a\000t\000c\000h\000e\000r\000.\000c\000p\000p\000\040\000F\000i\000l\000e\000\040\000R\000e\000f\000e\000r\000e\000n\000c\000e}{chapter.7}% 387
\BOOKMARK [1][-]{section.7.54}{\376\377\000s\000r\000c\000/\000m\000a\000t\000c\000h\000i\000n\000g\000/\000P\000a\000r\000a\000l\000l\000e\000l\000M\000a\000t\000c\000h\000e\000r\000.\000h\000\040\000F\000i\000l\000e\000\040\000R\000e\000f\000e\000r\000e\000n\000c\000e}{chapter.7}% 388
\BOOKMARK [1][-]{section.7.55}{\376\377\000s\000r\000c\000/\000o\000v\000e\000r\000l\000a\000p\000/\000O\000v\000e\000r\000l\000a\000p\000p\000e\000r\000.\000c\000p\000p\000\040\000F\000i\000l\000e\000\040\000R\000e\000f\000e\000r\000e\000n\000c\000e}{chapter.7}% 389
\BOOKMARK [1][-]{section.7.56}{\376\377\000s\000r\000c\000/\000o\000v\000e\000r\000l\000a\000p\000/\000O\000v\000e\000r\000l\000a\000p\000p\000e\000r\000.\000h\000\040\000F\000i\000l\000e\000\040\000R\000e\000f\000e\000r\000e\000n\000c\000e}{chapter.7}% 390
\BOOKMARK [1][-]{section.7.57}{\376\377\000s\000r\000c\000/\000o\000v\000e\000r\000l\000a\000p\000/\000R\000e\000g\000i\000o\000n\000G\000r\000o\000w\000i\000n\000g\000O\000v\000e\000r\000l\000a\000p\000p\000e\000r\000.\000c\000p\000p\000\040\000F\000i\000l\000e\000\040\000R\000e\000f\000e\000r\000e\000n\000c\000e}{chapter.7}% 391
\BOOKMARK [1][-]{section.7.58}{\376\377\000s\000r\000c\000/\000o\000v\000e\000r\000l\000a\000p\000/\000R\000e\000g\000i\000o\000n\000G\000r\000o\000w\000i\000n\000g\000O\000v\000e\000r\000l\000a\000p\000p\000e\000r\000.\000h\000\040\000F\000i\000l\000e\000\040\000R\000e\000f\000e\000r\000e\000n\000c\000e}{chapter.7}% 392
\BOOKMARK [1][-]{section.7.59}{\376\377\000s\000r\000c\000/\000s\000c\000o\000r\000i\000n\000g\000/\000E\000d\000g\000e\000S\000c\000o\000r\000i\000n\000g\000.\000c\000p\000p\000\040\000F\000i\000l\000e\000\040\000R\000e\000f\000e\000r\000e\000n\000c\000e}{chapter.7}% 393
\BOOKMARK [1][-]{section.7.60}{\376\377\000s\000r\000c\000/\000s\000c\000o\000r\000i\000n\000g\000/\000E\000d\000g\000e\000S\000c\000o\000r\000i\000n\000g\000.\000h\000\040\000F\000i\000l\000e\000\040\000R\000e\000f\000e\000r\000e\000n\000c\000e}{chapter.7}% 394
\BOOKMARK [1][-]{section.7.61}{\376\377\000s\000r\000c\000/\000s\000c\000o\000r\000i\000n\000g\000/\000M\000o\000d\000u\000l\000a\000r\000i\000t\000y\000S\000c\000o\000r\000i\000n\000g\000.\000c\000p\000p\000\040\000F\000i\000l\000e\000\040\000R\000e\000f\000e\000r\000e\000n\000c\000e}{chapter.7}% 395
\BOOKMARK [1][-]{section.7.62}{\376\377\000s\000r\000c\000/\000s\000c\000o\000r\000i\000n\000g\000/\000M\000o\000d\000u\000l\000a\000r\000i\000t\000y\000S\000c\000o\000r\000i\000n\000g\000.\000h\000\040\000F\000i\000l\000e\000\040\000R\000e\000f\000e\000r\000e\000n\000c\000e}{chapter.7}% 396
\BOOKMARK [1][-]{section.7.63}{\376\377\000s\000r\000c\000/\000t\000e\000s\000t\000/\000T\000e\000s\000t\000G\000T\000e\000s\000t\000.\000h\000\040\000F\000i\000l\000e\000\040\000R\000e\000f\000e\000r\000e\000n\000c\000e}{chapter.7}% 397
\BOOKMARK [2][-]{subsection.7.63.1}{\376\377\000F\000u\000n\000c\000t\000i\000o\000n\000\040\000D\000o\000c\000u\000m\000e\000n\000t\000a\000t\000i\000o\000n}{section.7.63}% 398
\BOOKMARK [3][-]{subsubsection.7.63.1.1}{\376\377\000T\000E\000S\000T\000\137\000F}{subsection.7.63.1}% 399
\BOOKMARK [-1][-]{subsubsection.7.63.1.1}{\376\377\000I\000n\000d\000e\000x}{}% 400
